03/03/2025 12:49:55 - INFO - Adicionando: CAPES - BR_CAPES_COL_DOC_2004A2012_2018_08_01
03/03/2025 12:50:05 - INFO - Adicionando: CAPES - BR_CAPES_COLSUCUP_DOCENTE_2013A2016_2017_12_02_2014
03/03/2025 12:50:16 - INFO - Adicionando: CAPES - BR_CAPES_COLSUCUP_DISCENTES_2015_2021_03_01
03/03/2025 12:50:26 - INFO - Adicionando: CAPES - BR_CAPES_COLSUCUP_DOCENTE_2017_2021_11_10
03/03/2025 12:50:36 - INFO - Adicionando: CAPES - BR_CAPES_COLSUCUP_DISCENTES_2020_2023_12_01
03/03/2025 12:50:46 - INFO - Adicionando: CAPES - BR_CAPES_COLSUCUP_DISCENTES_2019_2021_11_10
03/03/2025 12:50:57 - INFO - Adicionando: CAPES - BR_CAPES_COLSUCUP_DISCENTES_2017_2020_12_01
03/03/2025 12:51:07 - INFO - Adicionando: CAPES - BR_CAPES_COLSUCUP_DOCENTE_2013A2016_2020_06_12_2014
03/03/2025 12:51:17 - INFO - Adicionando: CAPES - BR_CAPES_COL_DISC_2004A2012_2018_12_01_2004
03/03/2025 12:51:27 - INFO - Adicionando: CAPES - BR_CAPES_COLSUCUP_DOCENTE_2013A2016_2020_06_12_2013
03/03/2025 12:51:37 - INFO - Adicionando: CAPES - BR_CAPES_COLSUCUP_DISCENTES_2016_2021_03_01
03/03/2025 12:51:47 - INFO - Adicionando: CAPES - BR_CAPES_COL_DISC_2004A2012_2018_12_01_2010
03/03/2025 12:51:57 - INFO - Adicionando: CAPES - BR_CAPES_COLSUCUP_CURSO_2021_2022_11_30
03/03/2025 12:52:08 - INFO - Adicionando: CAPES - BR_CAPES_COLSUCUP_DISCENTES_2013A2016_2020_06_12_2016
03/03/2025 12:52:18 - INFO - Adicionando: CAPES - BR_CAPES_COLSUCUP_DISCENTES_2011_2021_03_01
03/03/2025 12:52:28 - INFO - Adicionando: CAPES - BR_CAPES_COLSUCUP_DOCENTE_2019_2021_03_01
03/03/2025 12:52:38 - INFO - Adicionando: CAPES - BR_CAPES_COLSUCUP_FINANCIADOR_2017_2021_11_10
03/03/2025 12:52:48 - INFO - Adicionando: CAPES - BR_CAPES_COLSUCUP_DOCENTE_2019_2021_11_10
03/03/2025 12:52:58 - INFO - Adicionando: CAPES - BR_CAPES_COL_DISC_2004A2012_2018_12_01_2008
03/03/2025 12:53:08 - INFO - Adicionando: CAPES - BR_CAPES_COLSUCUP_DOCENTE_2015_2023_08_01
03/03/2025 12:53:18 - INFO - Adicionando: CAPES - BR_CAPES_COLSUCUP_DISCENTES_2013A2016_2017_12_02_2015
03/03/2025 12:53:28 - INFO - Adicionando: CAPES - BR_CAPES_COLSUCUP_DOCENTE_2014_2023_08_01
03/03/2025 12:53:39 - INFO - Adicionando: CAPES - BR_CAPES_COLSUCUP_DISCENTES_2013A2016_2017_12_02_2014
03/03/2025 12:53:49 - INFO - Adicionando: CAPES - BR_CAPES_COLSUCUP_DISCENTES_2013_2021_03_01
03/03/2025 12:53:59 - INFO - Adicionando: CAPES - BR_CAPES_COLSUCUP_CURSO_2013A2016_2020_06_12_2015
03/03/2025 12:54:09 - INFO - Adicionando: CAPES - BR_CAPES_COLSUCUP_DISCENTES_2020_2021_11_10
03/03/2025 12:54:19 - INFO - Adicionando: CAPES - BR_CAPES_COLSUCUP_DISCENTES_2008_2021_03_01
03/03/2025 12:54:29 - INFO - Adicionando: CAPES - BR_CAPES_COLSUCUP_DISCENTES_2010_2021_03_01
03/03/2025 12:54:40 - INFO - Adicionando: CAPES - BR_CAPES_COLSUCUP_DOCENTE_2013A2016_2020_06_12_2015
03/03/2025 12:54:50 - INFO - Adicionando: CAPES - BR_CAPES_COLSUCUP_CURSO_2022_2023_11_30
03/03/2025 12:55:00 - INFO - Adicionando: CAPES - BR_CAPES_COLSUCUP_CURSO_2017_2021_11_10
03/03/2025 12:55:10 - INFO - Adicionando: CAPES - BR_CAPES_COLSUCUP_DOCENTE_2013A2016_2017_12_02_2015
03/03/2025 12:55:20 - INFO - Adicionando: CAPES - BR_CAPES_COLSUCUP_DISCENTES_2013A2016_2017_12_02_2016
03/03/2025 12:55:30 - INFO - Adicionando: CAPES - BR_CAPES_COLSUCUP_DISCENTES_2018_2021_03_01
03/03/2025 12:55:40 - INFO - Adicionando: CAPES - BR_CAPES_COLSUCUP_DOCENTE_2018_2021_11_10
03/03/2025 12:55:51 - INFO - Adicionando: CAPES - BR_CAPES_COLSUCUP_DISCENTES_2017_2020_06_12
03/03/2025 12:56:01 - INFO - Adicionando: CAPES - BR_CAPES_COLSUCUP_DISCENTES_2009_2021_03_01
03/03/2025 12:56:11 - INFO - Adicionando: CAPES - BR_CAPES_COL_DISC_2004A2012_2018_12_01_2005
03/03/2025 12:56:21 - INFO - Adicionando: CAPES - BR_CAPES_COLSUCUP_DOCENTE_2021_2023_11_30
03/03/2025 12:56:31 - INFO - Adicionando: CAPES - BR_CAPES_COLSUCUP_DISCENTES_2018_2020_12_01
03/03/2025 12:56:41 - INFO - Adicionando: CAPES - BR_CAPES_COLSUCUP_DISCENTES_2017_2021_03_01
03/03/2025 12:56:52 - INFO - Adicionando: CAPES - BR_CAPES_COLSUCUP_DISCENTES_2021_2023_11_30
03/03/2025 12:57:02 - INFO - Adicionando: CAPES - BR_CAPES_COLSUCUP_DOCENTE_2004A2012_2021_03_01
03/03/2025 12:57:12 - INFO - Adicionando: CAPES - BR_CAPES_COLSUCUP_DISCENTES_2019_2020_11_30
03/03/2025 12:57:22 - INFO - Adicionando: CAPES - BR_CAPES_COLSUCUP_DOCENTE_2016_2021_03_01
03/03/2025 12:57:32 - INFO - Adicionando: CAPES - BR_CAPES_COLSUCUP_DOCENTE_2013A2016_2017_12_02_2016
03/03/2025 12:57:42 - INFO - Adicionando: CAPES - BR_CAPES_COL_DISC_2004A2012_2018_12_01_2009
03/03/2025 12:57:52 - INFO - Adicionando: CAPES - BR_CAPES_COLSUCUP_DISCENTES_2017_2021_11_10
03/03/2025 12:58:03 - INFO - Adicionando: CAPES - BR_CAPES_COLSUCUP_CURSO_2013A2016_2020_06_12_2016
03/03/2025 12:58:13 - INFO - Adicionando: CAPES - BR_CAPES_COLSUCUP_DISCENTES_2013A2016_2020_06_12_2014
03/03/2025 12:58:23 - INFO - Adicionando: CAPES - BR_CAPES_COLSUCUP_DISCENTES_2021_2022_11_30
03/03/2025 12:58:33 - INFO - Adicionando: CAPES - BR_CAPES_COLSUCUP_DISCENTES_2018_2021_11_10
03/03/2025 12:58:52 - INFO - Adicionando: CAPES - BR_CAPES_COLSUCUP_DISCENTES_2004_2021_03_01
03/03/2025 12:59:02 - INFO - Adicionando: CAPES - BR_CAPES_COL_DISC_2004A2012_2018_12_01_2006
03/03/2025 12:59:12 - INFO - Adicionando: CAPES - BR_CAPES_COL_DISC_2004A2012_2018_12_01_2012
03/03/2025 12:59:22 - INFO - Adicionando: CAPES - BR_CAPES_COLSUCUP_DISCENTES_2013A2016_2020_06_12_2015
03/03/2025 12:59:48 - INFO - Adicionando: CAPES - BR_CAPES_COLSUCUP_DISCENTES_2005_2021_03_01
03/03/2025 12:59:58 - INFO - Adicionando: CAPES - BR_CAPES_COLSUCUP_DISCENTES_2007_2021_03_01
03/03/2025 13:00:08 - INFO - Adicionando: CAPES - BR_CAPES_COLSUCUP_DOCENTE_2022_2023_11_30
03/03/2025 13:00:19 - INFO - Adicionando: CAPES - BR_CAPES_COLSUCUP_FINANCIADOR_2019_2020_11_30
03/03/2025 13:00:29 - INFO - Adicionando: CAPES - BR_CAPES_COLSUCUP_DOCENTE_2019_2020_11_30
03/03/2025 13:00:39 - INFO - Adicionando: CAPES - BR_CAPES_COLSUCUP_DOCENTE_2018_2019_10_01
03/03/2025 13:00:49 - INFO - Adicionando: CAPES - BR_CAPES_COLSUCUP_DOCENTE_2014_2021_03_01
03/03/2025 13:00:59 - INFO - Adicionando: CAPES - BR_CAPES_COLSUCUP_DISCENTES_2022_2023_11_30
03/03/2025 13:01:09 - INFO - Adicionando: CAPES - BR_CAPES_COLSUCUP_DOCENTE_2021_2022_11_30
03/03/2025 13:01:19 - INFO - Adicionando: CAPES - BR_CAPES_COLSUCUP_DOCENTE_2016_2023_08_01
03/03/2025 13:01:30 - INFO - Adicionando: CAPES - BR_CAPES_COLSUCUP_DOCENTE_2013A2016_2020_06_12_2016
03/03/2025 13:01:40 - INFO - Adicionando: CAPES - BR_CAPES_COLSUCUP_DOCENTE_2015_2021_03_01
03/03/2025 13:01:50 - INFO - Adicionando: CAPES - BR_CAPES_COLSUCUP_DISCENTES_2013A2016_2017_12_02_2013
03/03/2025 13:02:01 - INFO - Adicionando: CAPES - BR_CAPES_COLSUCUP_FINANCIADOR_2019_2021_11_10
03/03/2025 13:02:11 - INFO - Adicionando: CAPES - BR_CAPES_COLSUCUP_DOCENTE_2013_2021_03_01
03/03/2025 13:02:21 - INFO - Adicionando: CAPES - BR_CAPES_COLSUCUP_DISCENTES_2019_2023_12_01
03/03/2025 13:02:31 - INFO - Adicionando: CAPES - BR_CAPES_COLSUCUP_CURSO_2013A2016_2020_06_12_2013
03/03/2025 13:02:41 - INFO - Adicionando: CAPES - BR_CAPES_COLSUCUP_DISCENTES_2013A2016_2020_06_12_2013
03/03/2025 13:02:52 - INFO - Adicionando: CAPES - BR_CAPES_COLSUCUP_DOCENTE_2020_2021_11_10
03/03/2025 13:03:02 - INFO - Adicionando: CAPES - BR_CAPES_COLSUCUP_DISCENTES_2012_2021_03_01
03/03/2025 13:03:12 - INFO - Adicionando: CAPES - BR_CAPES_COLSUCUP_DOCENTE_2018_2020_06_12
03/03/2025 13:03:22 - INFO - Adicionando: CAPES - BR_CAPES_COLSUCUP_DOCENTE_2013A2016_2017_12_02_2013
03/03/2025 13:03:32 - INFO - Adicionando: CAPES - BR_CAPES_COLSUCUP_CURSO_2013A2016_2020_06_12_2014
03/03/2025 13:03:42 - INFO - Adicionando: CAPES - BR_CAPES_COLSUCUP_DISCENTES_2019_2021_03_01
03/03/2025 13:03:52 - INFO - Adicionando: CAPES - BR_CAPES_COLSUCUP_FINANCIADOR_2018_2021_11_10
03/03/2025 13:04:02 - INFO - Adicionando: CAPES - BR_CAPES_COLSUCUP_CURSO_2021_2023_11_30
03/03/2025 13:04:13 - INFO - Adicionando: CAPES - BR_CAPES_COLSUCUP_DOCENTE_2018_2021_03_01
03/03/2025 13:04:23 - INFO - Adicionando: CAPES - BR_CAPES_COLSUCUP_CURSO_2018_2021_11_10
03/03/2025 13:04:33 - INFO - Adicionando: CAPES - BR_CAPES_COLSUCUP_FINANCIADOR_2022_2023_10_31
03/03/2025 13:04:43 - INFO - Adicionando: CAPES - BR_CAPES_COLSUCUP_DOCENTE_2017_2020_06_12
03/03/2025 13:04:53 - INFO - Adicionando: CAPES - BR_CAPES_COL_DISC_2004A2012_2018_12_01_2011
03/03/2025 13:05:17 - INFO - Adicionando: CAPES - BR_CAPES_COLSUCUP_DISCENTES_2006_2021_03_01
03/03/2025 13:05:27 - INFO - Adicionando: CAPES - BR_CAPES_COLSUCUP_DISCENTES_2019_2020_12_01
03/03/2025 13:05:37 - INFO - Adicionando: CAPES - BR_CAPES_COLSUCUP_CURSO_2019_2021_11_10
03/03/2025 13:05:47 - INFO - Adicionando: CAPES - BR_CAPES_COLSUCUP_DOCENTE_2013_2023_08_01
03/03/2025 13:05:58 - INFO - Adicionando: CAPES - BR_CAPES_COL_DISC_2004A2012_2018_12_01_2007
03/03/2025 13:06:08 - INFO - Adicionando: CAPES - BR_CAPES_COLSUCUP_CURSO_2020_2021_11_10
03/03/2025 13:06:18 - INFO - Adicionando: CAPES - BR_CAPES_COLSUCUP_DISCENTES_2018_2023_12_01
03/03/2025 13:06:28 - INFO - Adicionando: CAPES - BR_CAPES_COLSUCUP_DISCENTES_2017_2023_12_01
03/03/2025 13:06:38 - INFO - Adicionando: CAPES - BR_CAPES_COLSUCUP_DISCENTES_2014_2021_03_01
03/03/2025 13:06:48 - INFO - Adicionando: CAPES - BR_CAPES_COLSUCUP_DOCENTE_2017_2021_03_01
03/03/2025 13:06:58 - INFO - Adicionando: CAPES - BR_CAPES_COLSUCUP_FINANCIADOR_2020_2021_11_10
03/03/2025 14:41:50 - INFO - Adicionando: CAPES - BR_CAPES_COLSUCUP_PROJETO_MEMBRO_2013_2021_03_01
03/03/2025 14:42:26 - INFO - Adicionando: CAPES - BR_CAPES_COLSUCUP_PROJETO_MEMBRO_2005_2021_03_01
03/03/2025 14:43:28 - INFO - Adicionando: CAPES - BR_CAPES_COLSUCUP_MEMBRO_2019_2021_11_10
03/03/2025 14:44:14 - INFO - Adicionando: CAPES - BR_CAPES_COLSUCUP_PROJETO_MEMBRO_2014_2021_03_01
03/03/2025 14:44:46 - INFO - Adicionando: CAPES - DDI_BR_CAPES_COLSUCUP_PROJETO_MEMBRO_2013A2016_2018_05_01_2016
03/03/2025 14:45:25 - INFO - Adicionando: CAPES - BR_CAPES_COLSUCUP_PROJETO_MEMBRO_2010_2021_03_01
03/03/2025 14:46:11 - INFO - Adicionando: CAPES - BR_CAPES_COLSUCUP_MEMBRO_2022_2023_10_31
03/03/2025 14:47:15 - INFO - Adicionando: CAPES - BR_CAPES_COLSUCUP_MEMBRO_2017_2021_11_10
03/03/2025 14:47:58 - INFO - Adicionando: CAPES - BR_CAPES_COLSUCUP_PROJETO_MEMBRO_2012_2021_03_01
03/03/2025 14:48:27 - INFO - Adicionando: CAPES - DDI_BR_CAPES_COLSUCUP_PROJETO_MEMBRO_2013A2016_2018_05_01_2014
03/03/2025 14:48:59 - INFO - Adicionando: CAPES - BR_CAPES_COLSUCUP_PROJETO_MEMBRO_2019_2020_11_30
03/03/2025 14:49:39 - INFO - Adicionando: CAPES - BR_CAPES_COLSUCUP_PROJETO_MEMBRO_2011_2021_03_01
03/03/2025 14:50:09 - INFO - Adicionando: CAPES - DDI_BR_CAPES_COLSUCUP_PROJETO_MEMBRO_2013A2016_2018_05_01_2015
03/03/2025 14:50:39 - INFO - Adicionando: CAPES - BR_CAPES_COLSUCUP_PROJETO_MEMBRO_2017_2021_03_01
03/03/2025 14:51:06 - INFO - Adicionando: CAPES - BR_CAPES_COLSUCUP_PROJETO_MEMBRO_2017_2018_08_01
03/03/2025 14:51:43 - INFO - Adicionando: CAPES - BR_CAPES_COLSUCUP_PROJETO_MEMBRO_2006_2021_03_01
03/03/2025 14:52:23 - INFO - Adicionando: CAPES - BR_CAPES_COLSUCUP_PROJETO_MEMBRO_2008_2021_03_01
03/03/2025 14:53:02 - INFO - Adicionando: CAPES - BR_CAPES_COLSUCUP_MEMBRO_2021_2023_10_31
03/03/2025 14:54:08 - INFO - Adicionando: CAPES - BR_CAPES_COLSUCUP_MEMBRO_2020_2021_11_10
03/03/2025 14:54:54 - INFO - Adicionando: CAPES - BR_CAPES_COLSUCUP_PROJETO_MEMBRO_2015_2021_03_01
03/03/2025 14:55:23 - INFO - Adicionando: CAPES - BR_CAPES_COLSUCUP_PROJETO_MEMBRO_2018_2019_10_01
03/03/2025 14:55:51 - INFO - Adicionando: CAPES - BR_CAPES_COLSUCUP_PROJETO_MEMBRO_2019_2021_03_01
03/03/2025 14:56:51 - INFO - Adicionando: CAPES - BR_CAPES_COLSUCUP_MEMBRO_2018_2021_11_10
03/03/2025 14:57:20 - INFO - Adicionando: CAPES - BR_CAPES_COLSUCUP_PROJETO_MEMBRO_2016_2021_03_01
03/03/2025 14:57:51 - INFO - Adicionando: CAPES - DDI_BR_CAPES_COLSUCUP_PROJETO_MEMBRO_2013A2016_2018_05_01_2013
03/03/2025 14:58:26 - INFO - Adicionando: CAPES - BR_CAPES_COLSUCUP_PROJETO_MEMBRO_2007_2021_03_01
03/03/2025 14:59:00 - INFO - Adicionando: CAPES - BR_CAPES_COLSUCUP_PROJETO_MEMBRO_2004_2021_03_01
03/03/2025 14:59:37 - INFO - Adicionando: CAPES - BR_CAPES_COLSUCUP_PROJETO_MEMBRO_2009_2021_03_01
03/03/2025 15:00:12 - INFO - Adicionando: CAPES - BR_CAPES_COLSUCUP_PROJETO_MEMBRO_2018_2021_03_01
03/03/2025 15:00:52 - INFO - Adicionando: CAPES - BR_CAPES_COLSUCUP_MEMBRO_2021_2023_10_31_1
04/03/2025 10:35:14 - INFO - Adicionando: CAPES - BR_CAPES_COLSUCUP_PRODUCAO_2017A2018_2019_08_07_BIBLIOGRAFICA_OUTRO
04/03/2025 10:35:43 - INFO - Adicionando: CAPES - BR_CAPES_COLSUCUP_PROD_DETALHE_TECNICA_2021A2024_2023_10_31_CARTAMAP
04/03/2025 10:36:14 - INFO - Adicionando: CAPES - BR_CAPES_COLSUCUP_PRODUCAO_2017A2020_2021_11_25_ARTISTICA_VISUAL
04/03/2025 10:36:45 - INFO - Adicionando: CAPES - BR_CAPES_COLSUCUP_PRODUCAO_2017A2020_2022_06_22_BIBLIOGRAFICA_TRADU
04/03/2025 10:37:14 - INFO - Adicionando: CAPES - BR_CAPES_COLSUCUP_PROD_AUTOR_2017A2020_2020_11_19_BIBLIOGRAFICA_PARTMU
04/03/2025 10:37:43 - INFO - Adicionando: CAPES - BR_CAPES_COLSUCUP_PROD_AUTOR_2013A2016_2017_03_01_ARTISTICA_CENICA
04/03/2025 10:38:12 - INFO - Adicionando: CAPES - BR_CAPES_COLSUCUP_PRODUCAO_2017A2020_2021_11_25_BIBLIOGRAFICA_TRADU
04/03/2025 10:38:38 - INFO - Adicionando: CAPES - BR_COLSUCUP_PROD_DETALHE_TECNICA_2017A2020_2022_06_30_MAQUETE
04/03/2025 10:45:22 - INFO - Adicionando: CAPES - BR_CAPES_COLSUCUP_PROD_AUTOR_2013A2016_2017_03_01_TECNICA_SERVTEC
04/03/2025 10:45:48 - INFO - Adicionando: CAPES - BR_CAPES_COLSUCUP_PROD_AUTOR_2017A2018_2019_07_04_TECNICA_PATENTE
04/03/2025 10:46:15 - INFO - Adicionando: CAPES - BR_CAPES_COLSUCUP_PROD_AUTOR_2017A2018_2019_07_03_ARTISTICA_VISUAL
04/03/2025 10:46:42 - INFO - Adicionando: CAPES - BR_COLSUCUP_PROD_DETALHE_TECNICA_2013A2016_2017_10_01_OBRAART
04/03/2025 10:47:09 - INFO - Adicionando: CAPES - BR_CAPES_COLSUCUP_PRODUCAO_2013A2016_2017_11_01_ARTISTICA_OUTRA
04/03/2025 10:47:38 - INFO - Adicionando: CAPES - BR_CAPES_COL_PROD_2004A2012_2018_08_01_TECNICA_LIVRO
04/03/2025 10:48:05 - INFO - Adicionando: CAPES - BR_CAPES_COLSUCUP_PROD_AUTOR_2017A2018_2019_07_04_TECNICA_MAQUETE
04/03/2025 10:48:32 - INFO - Adicionando: CAPES - BR_CAPES_COLSUCUP_PRODUCAO_2021A2024_2023_10_31_TECNICA_OBRAART
04/03/2025 10:49:01 - INFO - Adicionando: CAPES - BR_CAPES_COLSUCUP_PROD_AUTOR_2021A2024_2023_10_31_TECNICA_REPESQ
04/03/2025 10:49:29 - INFO - Adicionando: CAPES - BR_CAPES_COLSUCUP_PROD_AUTOR_2017A2018_2019_07_03_ARTISTICA_CENICA
04/03/2025 10:50:13 - INFO - Adicionando: CAPES - BR_COLSUCUP_PROD_DETALHE_ARTISTICA_2017A2020_2022_06_30_MUSICA
04/03/2025 10:50:41 - INFO - Adicionando: CAPES - BR_CAPES_COLSUCUP_PROD_AUTOR_2017A2018_2019_07_04_TECNICA_APTRA
04/03/2025 10:51:12 - INFO - Adicionando: CAPES - BR_CAPES_COLSUCUP_PROD_DETALHE_TECNICA_2021A2024_2023_10_31_EDITORIA
04/03/2025 10:51:42 - INFO - Adicionando: CAPES - BR_CAPES_COLSUCUP_PRODUCAO_2013A2016_2017_11_01_ARTISTICA_CENICAS
04/03/2025 10:52:19 - INFO - Adicionando: CAPES - BR_CAPES_COLSUCUP_PROD_DETALHE_TECNICA_2021A2024_2023_10_31_ARTJR
04/03/2025 10:52:46 - INFO - Adicionando: CAPES - BR_CAPES_COLSUCUP_PROD_DETALHE_ARTISTICA_2021A2024_2023_10_31_CENICA
04/03/2025 10:53:17 - INFO - Adicionando: CAPES - BR_CAPES_COLSUCUP_PRODUCAO_2021A2024_2023_10_31_TECNICA_ORGEVENTO
04/03/2025 10:53:45 - INFO - Adicionando: CAPES - BR_CAPES_COLSUCUP_PRODUCAO_2017A2020_2020_11_17_TECNICA_OBRAART
04/03/2025 10:54:11 - INFO - Adicionando: CAPES - BR_CAPES_COLSUCUP_PRODUCAO_2017A2020_2021_11_25_ARTISTICA_MUSICA
04/03/2025 10:54:40 - INFO - Adicionando: CAPES - BR_CAPES_COLSUCUP_PRODUCAO_2013A2016_2017_11_01_TECNICA_OBRAART
04/03/2025 10:55:07 - INFO - Adicionando: CAPES - BR_COLSUCUP_PROD_DETALHE_TECNICA_2017A2018_2019_07_08_DESTEC
04/03/2025 10:55:43 - INFO - Adicionando: CAPES - BR_CAPES_COLSUCUP_PROD_AUTOR_2017A2020_2022_05_31_TECNICA_DESTEC
04/03/2025 10:56:12 - INFO - Adicionando: CAPES - BR_CAPES_COLSUCUP_PRODUCAO_2017A2020_2022_06_22_TECNICA_MAQUETE
04/03/2025 10:56:41 - INFO - Adicionando: CAPES - BR_COLSUCUP_PROD_DETALHE_BIBLIOGRAFICA_2017A2020_2022_06_30_ARTPE
04/03/2025 10:57:10 - INFO - Adicionando: CAPES - BR_CAPES_COLSUCUP_PRODUCAO_2013A2016_2017_11_01_BIBLIOGRAFICA_OUTRO
04/03/2025 10:57:36 - INFO - Adicionando: CAPES - BR_CAPES_COLSUCUP_PROD_DETALHE_ARTISTICA_2021A2024_2023_10_31_VISUAL
04/03/2025 11:00:25 - INFO - Adicionando: CAPES - BR_COLSUCUP_PROD_DETALHE_TECNICA_2017A2020_2022_06_30_ARTJR
04/03/2025 11:00:52 - INFO - Adicionando: CAPES - BR_CAPES_COLSUCUP_PRODUCAO_2013A2016_2017_11_01_TECNICA_OUTRO
04/03/2025 11:01:21 - INFO - Adicionando: CAPES - BR_CAPES_COLSUCUP_PROD_AUTOR_2021A2024_2023_10_31_BIBLIOGRAFICA_PARTMU
04/03/2025 11:01:49 - INFO - Adicionando: CAPES - BR_CAPES_COLSUCUP_PROD_AUTOR_2017A2020_2020_11_19_TECNICA_MAQUETE
04/03/2025 11:02:21 - INFO - Adicionando: CAPES - BR_CAPES_COLSUCUP_PROD_AUTOR_2021A2024_2023_10_31_TECNICA_DEAPLI
04/03/2025 11:02:48 - INFO - Adicionando: CAPES - BR_CAPES_COLSUCUP_PRODUCAO_2013A2016_2017_11_01_BIBLIOGRAFICA_ANAIS
04/03/2025 11:03:19 - INFO - Adicionando: CAPES - BR_CAPES_COLSUCUP_PRODUCAO_2017A2020_2022_06_22_TECNICA_ORGEVENTO
04/03/2025 11:03:48 - INFO - Adicionando: CAPES - BR_CAPES_COLSUCUP_PROD_AUTOR_2017A2020_2020_11_19_BIBLIOGRAFICA_ANAIS_2018
04/03/2025 11:04:16 - INFO - Adicionando: CAPES - BR_COLSUCUP_PROD_DETALHE_TECNICA_2017A2018_2019_07_08_OBRAART
04/03/2025 11:04:44 - INFO - Adicionando: CAPES - BR_COLSUCUP_PROD_DETALHE_TECNICA_2017A2018_2019_07_08_PROGRTV
04/03/2025 11:05:37 - INFO - Adicionando: CAPES - BR_COLSUCUP_PROD_DETALHE_TECNICA_2013A2016_2017_10_01_OUTRO
04/03/2025 11:08:10 - INFO - Adicionando: CAPES - BR_CAPES_COLSUCUP_PROD_AUTOR_2017A2020_2022_05_31_TECNICA_ORGEVENTO
04/03/2025 11:08:45 - INFO - Adicionando: CAPES - BR_CAPES_COLSUCUP_PROD_AUTOR_2017A2020_2022_05_31_TECNICA_DEAPLI
04/03/2025 11:09:11 - INFO - Adicionando: CAPES - BR_COLSUCUP_PROD_DETALHE_TECNICA_2017A2018_2018_07_08_CARTAMAP
04/03/2025 11:09:42 - INFO - Adicionando: CAPES - BR_COLSUCUP_PROD_DETALHE_TECNICA_2017A2018_2019_07_08_PATENTE
04/03/2025 11:10:08 - INFO - Adicionando: CAPES - BR_CAPES_COLSUCUP_PRODUCAO_2017A2020_2020_11_17_TECNICA_PATENTE
04/03/2025 11:10:37 - INFO - Adicionando: CAPES - BR_COLSUCUP_PROD_DETALHE_TECNICA_2013A2016_2017_10_01_PATENTE
04/03/2025 11:11:04 - INFO - Adicionando: CAPES - BR_CAPES_COLSUCUP_PROD_AUTOR_2017A2018_2019_07_03_BIBLIOGRAFICA_OUTRO
04/03/2025 11:11:32 - INFO - Adicionando: CAPES - BR_CAPES_COLSUCUP_PROD_AUTOR_2017A2018_2019_07_03_BIBLIOGRAFICA_ARTJR
04/03/2025 11:12:25 - INFO - Adicionando: CAPES - BR_COLSUCUP_PROD_DETALHE_TECNICA_2017A2020_2022_06_30_PATENTE
04/03/2025 11:12:54 - INFO - Adicionando: CAPES - BR_CAPES_COLSUCUP_PROD_AUTOR_2017A2018_2019_07_04_TECNICA_DEAPLI
04/03/2025 11:13:21 - INFO - Adicionando: CAPES - BR_CAPES_COLSUCUP_PRODUCAO_2017A2018_2019_08_07_TECNICA_EDITORIA
04/03/2025 11:14:07 - INFO - Adicionando: CAPES - BR_CAPES_COLSUCUP_PROD_AUTOR_2021A2024_2023_10_31_TECNICA_ORGEVENTO
04/03/2025 11:14:36 - INFO - Adicionando: CAPES - BR_CAPES_COLSUCUP_PRODUCAO_2013A2016_2017_11_01_TECNICA_SERVTEC
04/03/2025 11:15:18 - INFO - Adicionando: CAPES - BR_CAPES_COLSUCUP_PROD_AUTOR_2021A2024_2023_10_31_TECNICA_PROGRTV
04/03/2025 11:15:50 - INFO - Adicionando: CAPES - BR_CAPES_COLSUCUP_PRODUCAO_2021A2024_2023_10_31_TECNICA_ARTJR
04/03/2025 11:16:20 - INFO - Adicionando: CAPES - BR_CAPES_COLSUCUP_PROD_DETALHE_TECNICA_2021A2024_2023_10_31_REPESQ
04/03/2025 11:16:48 - INFO - Adicionando: CAPES - BR_CAPES_COLSUCUP_PROD_AUTOR_2017A2018_2019_07_04_TECNICA_DMDI
04/03/2025 11:17:15 - INFO - Adicionando: CAPES - BR_CAPES_COLSUCUP_PRODUCAO_2017A2018_2019_08_07_TECNICA_REPESQ
04/03/2025 11:17:40 - INFO - Adicionando: CAPES - BR_CAPES_COLSUCUP_PROD_DETALHE_TECNICA_2021A2024_2023_10_31_PATENTE
04/03/2025 11:18:08 - INFO - Adicionando: CAPES - BR_CAPES_COLSUCUP_PRODUCAO_2021A2024_2023_10_31_BIBLIOGRAFICA_OUTRO
04/03/2025 11:21:53 - INFO - Adicionando: CAPES - BR_CAPES_COLSUCUP_PROD_AUTOR_2021A2024_2023_10_31_TECNICA_SERVTEC
04/03/2025 11:22:23 - INFO - Adicionando: CAPES - BR_CAPES_COLSUCUP_PRODUCAO_2017A2020_2021_11_25_TECNICA_DPRODU
04/03/2025 11:23:00 - INFO - Adicionando: CAPES - BR_CAPES_COLSUCUP_PROD_AUTOR_2021A2024_2023_10_31_BIBLIOGRAFICA_OUTRO
04/03/2025 11:23:28 - INFO - Adicionando: CAPES - BR_CAPES_COLSUCUP_PRODUCAO_2021A2024_2023_10_31_ARTISTICA_MUSICA
04/03/2025 11:24:11 - INFO - Adicionando: CAPES - BR_COLSUCUP_PROD_DETALHE_ARTISTICA_2017A2020_2022_06_30_CENICA
04/03/2025 11:24:42 - INFO - Adicionando: CAPES - BR_COLSUCUP_PROD_DETALHE_ARTISTICA_2017A2018_2019_07_05_OUTRA
04/03/2025 11:25:10 - INFO - Adicionando: CAPES - BR_CAPES_COLSUCUP_PROD_AUTOR_2013A2016_2017_03_01_TECNICA_DESTEC
04/03/2025 11:27:01 - INFO - Adicionando: CAPES - BR_COLSUCUP_PROD_DETALHE_TECNICA_2017A2020_2022_06_30_EDITORIA
04/03/2025 11:27:41 - INFO - Adicionando: CAPES - BR_CAPES_COLSUCUP_PROD_AUTOR_2013A2016_2017_03_01_TECNICA_PROGRTV
04/03/2025 11:28:11 - INFO - Adicionando: CAPES - BR_CAPES_COLSUCUP_PROD_AUTOR_2017A2018_2019_07_04_TECNICA_OBRAART
04/03/2025 11:34:22 - INFO - Adicionando: CAPES - BR_CAPES_COLSUCUP_PROD_AUTOR_2021A2024_2023_10_31_ARTISTICA_VISUAL
04/03/2025 11:41:11 - INFO - Adicionando: CAPES - BR_CAPES_COL_PROD_2004A2012_2018_08_01_ARTISTICA_VISUAIS
04/03/2025 11:42:38 - INFO - Adicionando: CAPES - BR_COLSUCUP_PROD_DETALHE_TECNICA_2017A2020_2022_06_30_DMDI
04/03/2025 11:42:38 - INFO - Adicionando: CAPES - BR_COLSUCUP_PROD_DETALHE_BIBLIOGRAFICA_2017A2018_2019_07_09_ANAIS
04/03/2025 11:42:39 - INFO - Adicionando: CAPES - BR_CAPES_COLSUCUP_PRODUCAO_2017A2020_2020_11_17_TECNICA_EDITORIA
04/03/2025 11:42:39 - INFO - Adicionando: CAPES - BR_CAPES_COLSUCUP_PRODUCAO_2017A2020_2020_11_17_TECNICA_DESTEC
04/03/2025 11:42:41 - INFO - Adicionando: CAPES - BR_CAPES_COLSUCUP_PROD_AUTOR_2021A2024_2023_10_31_ARTISTICA_CENICA
04/03/2025 11:42:42 - INFO - Adicionando: CAPES - BR_CAPES_COLSUCUP_PRODUCAO_2017A2020_2022_06_22_BIBLIOGRAFICA_PARTMU
04/03/2025 11:42:42 - INFO - Adicionando: CAPES - BR_CAPES_COLSUCUP_PRODUCAO_2017A2020_2020_11_17_TECNICA_ORGEVENTO
04/03/2025 11:42:45 - INFO - Adicionando: CAPES - BR_CAPES_COLSUCUP_PROD_AUTOR_2013A2016_2017_03_01_ARTISTICA_VISUAL
04/03/2025 11:42:45 - INFO - Adicionando: CAPES - BR_CAPES_COLSUCUP_PROD_AUTOR_2017A2018_2019_07_04_TECNICA_SERVTEC
04/03/2025 11:42:46 - INFO - Adicionando: CAPES - BR_CAPES_COLSUCUP_PRODUCAO_2017A2018_2019_08_07_TECNICA_OBRAART
04/03/2025 11:42:46 - INFO - Adicionando: CAPES - BR_CAPES_COLSUCUP_PRODUCAO_2017A2020_2020_11_17_TECNICA_DMDI
04/03/2025 11:42:46 - INFO - Adicionando: CAPES - BR_CAPES_COLSUCUP_PRODUCAO_2017A2020_2021_11_25_TECNICA_PATENTE
04/03/2025 11:42:47 - INFO - Adicionando: CAPES - BR_COLSUCUP_PROD_DETALHE_TECNICA_2017A2018_2019_07_08_EDITORIA
04/03/2025 11:42:47 - INFO - Adicionando: CAPES - BR_CAPES_COLSUCUP_PROD_AUTOR_2017A2020_2020_11_19_ARTISTICA_MUSICA
04/03/2025 11:42:48 - INFO - Adicionando: CAPES - BR_CAPES_COLSUCUP_PRODUCAO_2017A2020_2020_11_17_TECNICA_DEAPLI
04/03/2025 11:42:50 - INFO - Adicionando: CAPES - BR_CAPES_COLSUCUP_PRODUCAO_2021A2024_2023_10_31_TECNICA_EDITORIA
04/03/2025 11:42:50 - INFO - Adicionando: CAPES - BR_CAPES_COLSUCUP_PROD_AUTOR_2013A2016_2017_03_01_TECNICA_DPRODU
04/03/2025 11:44:38 - INFO - Adicionando: CAPES - BR_COLSUCUP_PROD_DETALHE_ARTISTICA_2017A2020_2022_06_30_VISUAL
04/03/2025 11:44:39 - INFO - Adicionando: CAPES - BR_CAPES_COLSUCUP_PROD_AUTOR_2021A2024_2023_10_31_TECNICA_OBRAART
04/03/2025 11:45:56 - INFO - Adicionando: CAPES - BR_CAPES_COLSUCUP_PROD_AUTOR_2021A2024_2023_10_31_TECNICA_APTRA
04/03/2025 11:45:57 - INFO - Adicionando: CAPES - BR_CAPES_COL_PROD_2004A2012_2018_08_01_TECNICA_ARTPE
04/03/2025 11:45:58 - INFO - Adicionando: CAPES - BR_CAPES_COLSUCUP_PROD_AUTOR_2013A2016_2017_03_01_TECNICA_MAQUETE
04/03/2025 11:46:00 - INFO - Adicionando: CAPES - BR_CAPES_COLSUCUP_PROD_AUTOR_2017A2020_2022_05_31_TECNICA_CARTAMAP
04/03/2025 11:46:01 - INFO - Adicionando: CAPES - BR_CAPES_COLSUCUP_PRODUCAO_2017A2020_2020_11_17_ARTISTICA_CENICAS
04/03/2025 11:46:01 - INFO - Adicionando: CAPES - BR_COLSUCUP_PROD_DETALHE_TECNICA_2017A2018_2019_07_08_REPESQ
04/03/2025 11:46:01 - INFO - Adicionando: CAPES - BR_CAPES_COLSUCUP_PRODUCAO_2017A2020_2021_11_25_TECNICA_OBRAART
04/03/2025 11:46:02 - INFO - Adicionando: CAPES - BR_CAPES_COLSUCUP_PRODUCAO_2017A2020_2021_11_25_BIBLIOGRAFICA_PARTMU
04/03/2025 11:48:37 - INFO - Adicionando: CAPES - BR_CAPES_COLSUCUP_PRODUCAO_2021A2024_2023_10_31_BIBLIOGRAFICA_ANAIS
04/03/2025 11:48:38 - INFO - Adicionando: CAPES - BR_CAPES_COLSUCUP_PRODUCAO_2013A2016_2017_11_01_TECNICA_APTRA
04/03/2025 11:48:38 - INFO - Adicionando: CAPES - BR_CAPES_COLSUCUP_PRODUCAO_2021A2024_2023_10_31_TECNICA_DEAPLI
04/03/2025 11:48:39 - INFO - Adicionando: CAPES - BR_COLSUCUP_PROD_DETALHE_BIBLIOGRAFICA_2017A2020_2022_06_30_TRADU
04/03/2025 11:48:39 - INFO - Adicionando: CAPES - BR_CAPES_COLSUCUP_PROD_DETALHE_BIBLIOGRAFICA_2021A2024_2023_10_31_ANAIS
04/03/2025 11:48:40 - INFO - Adicionando: CAPES - BR_CAPES_COLSUCUP_PROD_AUTOR_2017A2020_2020_11_19_TECNICA_APTRA
04/03/2025 11:48:40 - INFO - Adicionando: CAPES - BR_COLSUCUP_PROD_DETALHE_TECNICA_2013A2016_2017_10_01_PROGRTV
04/03/2025 11:48:41 - INFO - Adicionando: CAPES - BR_CAPES_COLSUCUP_PRODUCAO_2017A2018_2019_08_07_TECNICA_SERVTEC
04/03/2025 11:48:42 - INFO - Adicionando: CAPES - BR_CAPES_COLSUCUP_PROD_AUTOR_2013A2016_2017_03_01_TECNICA_CURSOCDU
04/03/2025 11:48:42 - INFO - Adicionando: CAPES - BR_CAPES_COLSUCUP_PRODUCAO_2013A2016_2017_11_01_TECNICA_REPESQ
04/03/2025 11:48:43 - INFO - Adicionando: CAPES - BR_COLSUCUP_PROD_DETALHE_TECNICA_2017A2020_2022_06_30_CURSOCDU
04/03/2025 11:48:44 - INFO - Adicionando: CAPES - BR_CAPES_COLSUCUP_PRODUCAO_2021A2024_2023_10_31_TECNICA_APTRA
04/03/2025 11:48:44 - INFO - Adicionando: CAPES - BR_CAPES_COLSUCUP_PROD_AUTOR_2017A2020_2022_05_31_BIBLIOGRAFICA_ARTPE_2020
04/03/2025 11:48:45 - INFO - Adicionando: CAPES - BR_CAPES_COLSUCUP_PROD_AUTOR_2017A2020_2020_11_19_ARTISTICA_CENICA
04/03/2025 11:48:45 - INFO - Adicionando: CAPES - BR_CAPES_COLSUCUP_PROD_AUTOR_2021A2024_2023_10_31_ARTISTICA_OUTRA
04/03/2025 11:48:46 - INFO - Adicionando: CAPES - BR_CAPES_COLSUCUP_PRODUCAO_2013A2016_2017_11_01_TECNICA_DESTEC
04/03/2025 11:48:47 - INFO - Adicionando: CAPES - BR_COLSUCUP_PROD_DETALHE_TECNICA_2017A2020_2022_06_30_DPRODU
04/03/2025 11:48:48 - INFO - Adicionando: CAPES - BR_CAPES_COLSUCUP_PROD_AUTOR_2017A2020_2022_05_31_BIBLIOGRAFICA_OUTRO
04/03/2025 11:48:49 - INFO - Adicionando: CAPES - BR_CAPES_COLSUCUP_PROD_AUTOR_2017A2020_2020_11_19_BIBLIOGRAFICA_ARTPE_2017_PARTE2
04/03/2025 11:48:49 - INFO - Adicionando: CAPES - BR_COLSUCUP_PROD_DETALHE_TECNICA_2017A2018_2019_07_08_OUTRO
04/03/2025 11:48:50 - INFO - Adicionando: CAPES - BR_CAPES_COLSUCUP_PRODUCAO_2013A2016_2020_06_30_BIBLIOGRAFICA_ARTPE
04/03/2025 11:48:50 - INFO - Adicionando: CAPES - BR_CAPES_COL_PROD_2004A2012_2018_08_01_BIBLIOGRAFICA_LIVRO
04/03/2025 11:48:51 - INFO - Adicionando: CAPES - BR_CAPES_COLSUCUP_PROD_DETALHE_ARTISTICA_2021A2024_2023_10_31_MUSICA
04/03/2025 11:48:52 - INFO - Adicionando: CAPES - BR_CAPES_COLSUCUP_PROD_AUTOR_2021A2024_2023_10_31_TECNICA_EDITORIA
04/03/2025 11:48:52 - INFO - Adicionando: CAPES - BR_CAPES_COLSUCUP_PRODUCAO_2017A2020_2021_11_25_BIBLIOGRAFICA_OUTRO
04/03/2025 11:48:53 - INFO - Adicionando: CAPES - BR_CAPES_COLSUCUP_PRODUCAO_2021A2024_2023_10_31_TECNICA_SERVTEC
04/03/2025 11:48:54 - INFO - Adicionando: CAPES - BR_CAPES_COLSUCUP_PRODUCAO_2017A2018_2019_08_07_ARTISTICA_VISUAL
04/03/2025 11:48:55 - INFO - Adicionando: CAPES - BR_CAPES_COLSUCUP_PROD_AUTOR_2013A2016_2017_03_01_TECNICA_DEAPLI
04/03/2025 11:48:55 - INFO - Adicionando: CAPES - BR_CAPES_COL_PROD_2004A2012_2018_08_01_ARTISTICA_COMPMU
04/03/2025 11:48:56 - INFO - Adicionando: CAPES - BR_CAPES_COLSUCUP_PROD_AUTOR_2021A2024_2023_10_31_BIBLIOGRAFICA_TRADU
04/03/2025 11:48:57 - INFO - Adicionando: CAPES - BR_CAPES_COLSUCUP_PROD_DETALHE_TECNICA_2021A2024_2023_10_31_MAQUETE
04/03/2025 11:48:57 - INFO - Adicionando: CAPES - BR_CAPES_COLSUCUP_PRODUCAO_2017A2020_2021_11_25_TECNICA_EDITORIA
04/03/2025 11:48:58 - INFO - Adicionando: CAPES - BR_CAPES_COLSUCUP_PRODUCAO_2017A2020_2022_06_22_TECNICA_CURSOCDU
04/03/2025 11:48:58 - INFO - Adicionando: CAPES - BR_CAPES_COLSUCUP_PROD_AUTOR_2017A2018_2019_07_03_BIBLIOGRAFICA_ARTPE_2018_PARTE1
04/03/2025 11:48:59 - INFO - Adicionando: CAPES - BR_CAPES_COLSUCUP_PRODUCAO_2017A2020_2020_11_17_ARTISTICA_MUSICA
04/03/2025 11:49:00 - INFO - Adicionando: CAPES - BR_CAPES_COLSUCUP_PROD_AUTOR_2013A2016_2017_03_01_TECNICA_EDITORIA
04/03/2025 11:49:02 - INFO - Adicionando: CAPES - BR_CAPES_COLSUCUP_PROD_AUTOR_2013A2016_2017_03_01_TECNICA_OUTRO
04/03/2025 11:49:04 - INFO - Adicionando: CAPES - BR_CAPES_COLSUCUP_PRODUCAO_2021A2024_2023_10_31_BIBLIOGRAFICA_LIVRO
04/03/2025 11:49:04 - INFO - Adicionando: CAPES - BR_COLSUCUP_PROD_DETALHE_TECNICA_2013A2016_2017_10_01_REPESQ
04/03/2025 11:49:05 - INFO - Adicionando: CAPES - BR_COLSUCUP_PROD_DETALHE_BIBLIOGRAFICA_2013A2016_2017_10_01_ARTPE
04/03/2025 11:49:05 - INFO - Adicionando: CAPES - BR_CAPES_COLSUCUP_PROD_AUTOR_2017A2018_2019_07_03_BIBLIOGRAFICA_ARTPE_2017_PARTE2
04/03/2025 11:49:06 - INFO - Adicionando: CAPES - BR_CAPES_COLSUCUP_PRODUCAO_2017A2018_2019_08_07_BIBLIOGRAFICA_ARTJR
04/03/2025 11:49:06 - INFO - Adicionando: CAPES - BR_CAPES_COLSUCUP_PROD_AUTOR_2017A2020_2020_11_19_ARTISTICA_OUTRA
04/03/2025 11:49:07 - INFO - Adicionando: CAPES - BR_COLSUCUP_PROD_DETALHE_BIBLIOGRAFICA_2013A2016_2017_10_01_OUTRO
04/03/2025 11:49:07 - INFO - Adicionando: CAPES - BR_CAPES_COLSUCUP_PROD_DETALHE_TECNICA_2021A2024_2023_10_31_DESTEC
04/03/2025 11:49:08 - INFO - Adicionando: CAPES - BR_CAPES_COLSUCUP_PROD_AUTOR_2017A2020_2020_11_19_BIBLIOGRAFICA_TRADU
04/03/2025 11:49:08 - INFO - Adicionando: CAPES - BR_CAPES_COLSUCUP_PRODUCAO_2013A2016_2017_11_01_TECNICA_PATENTE
04/03/2025 11:49:09 - INFO - Adicionando: CAPES - BR_CAPES_COLSUCUP_PRODUCAO_2013A2016_2017_11_01_BIBLIOGRAFICA_ARTPE
04/03/2025 11:49:09 - INFO - Adicionando: CAPES - BR_CAPES_COLSUCUP_PRODUCAO_2017A2020_2020_11_17_TECNICA_CURSOCDU
04/03/2025 11:49:09 - INFO - Adicionando: CAPES - BR_COLSUCUP_PROD_DETALHE_TECNICA_2017A2018_2019_07_08_SERVTEC
04/03/2025 11:49:09 - INFO - Adicionando: CAPES - BR_CAPES_COLSUCUP_PRODUCAO_2017A2020_2020_11_17_BIBLIOGRAFICA_ARTJR
04/03/2025 11:49:10 - INFO - Adicionando: CAPES - BR_CAPES_COLSUCUP_PROD_AUTOR_2017A2018_2019_07_04_TECNICA_PROGRTV
04/03/2025 11:49:10 - INFO - Adicionando: CAPES - BR_CAPES_COLSUCUP_PRODUCAO_2017A2020_2021_11_25_TECNICA_MAQUETE
04/03/2025 11:49:11 - INFO - Adicionando: CAPES - BR_CAPES_COLSUCUP_PROD_AUTOR_2017A2018_2019_07_04_TECNICA_EDITORIA
04/03/2025 11:49:11 - INFO - Adicionando: CAPES - BR_CAPES_COLSUCUP_PRODUCAO_2017A2020_2022_06_22_ARTISTICA_OUTRA
04/03/2025 11:49:12 - INFO - Adicionando: CAPES - BR_COLSUCUP_PROD_DETALHE_BIBLIOGRAFICA_2013A2016_2017_10_01_ARTJR
04/03/2025 11:49:12 - INFO - Adicionando: CAPES - BR_CAPES_COLSUCUP_PRODUCAO_2017A2020_2021_11_25_ARTISTICA_OUTRA
04/03/2025 11:49:12 - INFO - Adicionando: CAPES - BR_CAPES_COLSUCUP_PRODUCAO_2017A2020_2020_11_17_TECNICA_PROGRTV
04/03/2025 11:49:13 - INFO - Adicionando: CAPES - BR_CAPES_COLSUCUP_PROD_DETALHE_TECNICA_2021A2024_2023_10_31_CURSOCDU
04/03/2025 11:49:13 - INFO - Adicionando: CAPES - BR_CAPES_COLSUCUP_PROD_AUTOR_2017A2018_2019_07_04_BIBLIOGRAFICA_LIVRO
04/03/2025 11:49:14 - INFO - Adicionando: CAPES - BR_CAPES_COLSUCUP_PROD_DETALHE_ARTISTICA_2021A2024_2023_10_31_OUTRA
04/03/2025 11:49:15 - INFO - Adicionando: CAPES - BR_CAPES_COLSUCUP_PROD_AUTOR_2021A2024_2023_10_31_TECNICA_PATENTE
04/03/2025 11:49:16 - INFO - Adicionando: CAPES - BR_CAPES_COLSUCUP_PROD_AUTOR_2017A2020_2022_05_31_ARTISTICA_VISUAL
04/03/2025 11:49:16 - INFO - Adicionando: CAPES - BR_CAPES_COLSUCUP_PRODUCAO_2013A2016_2017_11_01_BIBLIOGRAFICA_TRADU
04/03/2025 11:49:16 - INFO - Adicionando: CAPES - BR_COLSUCUP_PROD_DETALHE_ARTISTICA_2017A2018_2019_07_05_MUSICA
04/03/2025 11:49:17 - INFO - Adicionando: CAPES - BR_COLSUCUP_PROD_DETALHE_TECNICA_2017A2018_2019_07_08_ORGEVENTO
04/03/2025 11:49:17 - INFO - Adicionando: CAPES - BR_CAPES_COLSUCUP_PRODUCAO_2017A2020_2022_06_22_TECNICA_OBRAART
04/03/2025 11:49:18 - INFO - Adicionando: CAPES - BR_CAPES_COLSUCUP_PRODUCAO_2017A2018_2019_08_07_TECNICA_DEAPLI
04/03/2025 11:49:18 - INFO - Adicionando: CAPES - BR_CAPES_COLSUCUP_PROD_AUTOR_2017A2020_2020_11_19_TECNICA_PATENTE
04/03/2025 11:49:19 - INFO - Adicionando: CAPES - BR_CAPES_COLSUCUP_PRODUCAO_2013A2016_2017_11_01_TECNICA_MAQUETE
04/03/2025 11:49:19 - INFO - Adicionando: CAPES - BR_CAPES_COLSUCUP_PROD_AUTOR_2017A2020_2022_05_31_TECNICA_MAQUETE
04/03/2025 11:49:20 - INFO - Adicionando: CAPES - BR_CAPES_COLSUCUP_PROD_DETALHE_BIBLIOGRAFICA_2021A2024_2023_10_31_TRADU
04/03/2025 11:49:20 - INFO - Adicionando: CAPES - BR_CAPES_COLSUCUP_PROD_AUTOR_2017A2020_2020_11_19_BIBLIOGRAFICA_ARTPE_2019_PARTE1
04/03/2025 11:49:20 - INFO - Adicionando: CAPES - BR_CAPES_COLSUCUP_PROD_AUTOR_2017A2020_2020_11_19_BIBLIOGRAFICA_ANAIS_2019
04/03/2025 11:49:22 - INFO - Adicionando: CAPES - BR_CAPES_COLSUCUP_PROD_AUTOR_2017A2020_2022_05_31_TECNICA_EDITORIA
04/03/2025 11:49:22 - INFO - Adicionando: CAPES - BR_CAPES_COLSUCUP_PROD_DETALHE_TECNICA_2021A2024_2023_10_31_SERVTEC
04/03/2025 11:49:23 - INFO - Adicionando: CAPES - BR_CAPES_COLSUCUP_PRODUCAO_2017A2018_2019_08_07_TECNICA_DPRODU
04/03/2025 11:49:23 - INFO - Adicionando: CAPES - BR_CAPES_COL_PROD_2004A2012_2018_08_01_ARTISTICA_PROGRTV
04/03/2025 11:49:24 - INFO - Adicionando: CAPES - BR_CAPES_COL_PROD_2004A2012_2018_08_01_BIBLIOGRAFICA_ARTJR
04/03/2025 11:49:24 - INFO - Adicionando: CAPES - BR_CAPES_COLSUCUP_PROD_AUTOR_2017A2020_2022_05_31_TECNICA_SERVTEC
04/03/2025 11:49:25 - INFO - Adicionando: CAPES - BR_COLSUCUP_PROD_DETALHE_TECNICA_2017A2020_2022_06_30_DEAPLI
04/03/2025 11:49:26 - INFO - Adicionando: CAPES - BR_CAPES_COLSUCUP_PROD_AUTOR_2017A2020_2022_05_31_BIBLIOGRAFICA_LIVRO
04/03/2025 11:49:26 - INFO - Adicionando: CAPES - BR_COLSUCUP_PROD_DETALHE_TECNICA_2017A2018_2019_07_08_CURSOCDU
04/03/2025 11:49:26 - INFO - Adicionando: CAPES - BR_CAPES_COLSUCUP_PRODUCAO_2021A2024_2023_10_31_TECNICA_PROGRTV
04/03/2025 11:49:27 - INFO - Adicionando: CAPES - BR_COLSUCUP_PROD_DETALHE_BIBLIOGRAFICA_2013A2016_2017_10_01_TRADU
04/03/2025 11:49:28 - INFO - Adicionando: CAPES - BR_COLSUCUP_PROD_DETALHE_ARTISTICA_2017A2020_2022_06_30_OUTRA
04/03/2025 11:49:28 - INFO - Adicionando: CAPES - BR_CAPES_COL_PROD_2004A2012_2018_08_01_TECNICA_PROGRTV
04/03/2025 11:49:29 - INFO - Adicionando: CAPES - BR_COLSUCUP_PROD_DETALHE_BIBLIOGRAFICA_2017A2018_2019_07_05_ARTPE
04/03/2025 11:49:29 - INFO - Adicionando: CAPES - BR_CAPES_COL_PROD_2004A2012_2018_08_01_TECNICA_CURSOCDU
04/03/2025 11:49:30 - INFO - Adicionando: CAPES - BR_CAPES_COLSUCUP_PROD_AUTOR_2017A2020_2020_11_19_BIBLIOGRAFICA_ANAIS_2017
04/03/2025 11:49:30 - INFO - Adicionando: CAPES - BR_CAPES_COLSUCUP_PRODUCAO_2021A2024_2023_10_31_TECNICA_DMDI
04/03/2025 11:49:31 - INFO - Adicionando: CAPES - BR_CAPES_COL_PROD_2004A2012_2018_08_01_ARTISTICA_OBRA
04/03/2025 11:49:31 - INFO - Adicionando: CAPES - BR_CAPES_COL_PROD_2004A2012_2018_08_01_ARTISTICA_MUSICA
04/03/2025 11:49:33 - INFO - Adicionando: CAPES - BR_CAPES_COLSUCUP_PROD_AUTOR_2017A2020_2022_05_31_BIBLIOGRAFICA_ARTPE_2017
04/03/2025 11:49:34 - INFO - Adicionando: CAPES - BR_CAPES_COLSUCUP_PRODUCAO_2021A2024_2023_10_31_BIBLIOGRAFICA_PARTMU
04/03/2025 11:49:35 - INFO - Adicionando: CAPES - BR_COLSUCUP_PROD_DETALHE_ARTISTICA_2017A2018_2019_07_05_CENICA
04/03/2025 11:49:35 - INFO - Adicionando: CAPES - BR_CAPES_COL_PROD_2004A2012_2018_08_01_TECNICA_REPESQ
04/03/2025 11:49:36 - INFO - Adicionando: CAPES - BR_COLSUCUP_PROD_DETALHE_TECNICA_2017A2020_2022_06_30_CARTAMAP
04/03/2025 11:49:37 - INFO - Adicionando: CAPES - BR_CAPES_COLSUCUP_PROD_AUTOR_2017A2020_2022_05_31_TECNICA_CURSOCDU
04/03/2025 11:49:38 - INFO - Adicionando: CAPES - BR_COLSUCUP_PROD_DETALHE_TECNICA_2013A2016_2017_10_01_DMDI
04/03/2025 11:49:38 - INFO - Adicionando: CAPES - BR_CAPES_COLSUCUP_PROD_AUTOR_2017A2018_2019_07_03_ARTISTICA_MUSICA
04/03/2025 11:49:39 - INFO - Adicionando: CAPES - BR_CAPES_COLSUCUP_PROD_DETALHE_TECNICA_2021A2024_2023_10_31_DEAPLI
04/03/2025 11:49:39 - INFO - Adicionando: CAPES - BR_CAPES_COLSUCUP_PRODUCAO_2017A2020_2021_11_25_BIBLIOGRAFICA_ARTJR
04/03/2025 11:49:40 - INFO - Adicionando: CAPES - BR_CAPES_COLSUCUP_PRODUCAO_2017A2020_2021_11_25_BIBLIOGRAFICA_ANAIS
04/03/2025 11:49:40 - INFO - Adicionando: CAPES - BR_CAPES_COLSUCUP_PRODUCAO_2017A2018_2019_08_07_ARTISTICA_MUSICA
04/03/2025 11:49:41 - INFO - Adicionando: CAPES - BR_CAPES_COL_PROD_2004A2012_2018_08_01_BIBLIOGRAFICA_TRADU
04/03/2025 11:49:41 - INFO - Adicionando: CAPES - BR_CAPES_COLSUCUP_PROD_AUTOR_2017A2020_2022_05_31_BIBLIOGRAFICA_PARTMU
04/03/2025 11:49:44 - INFO - Adicionando: CAPES - BR_CAPES_COLSUCUP_PROD_AUTOR_2017A2020_2022_05_31_BIBLIOGRAFICA_ANAIS_2017
04/03/2025 11:49:44 - INFO - Adicionando: CAPES - BR_COLSUCUP_PROD_DETALHE_ARTISTICA_2017A2018_2019_07_05_VISUAL
04/03/2025 11:49:44 - INFO - Adicionando: CAPES - BR_CAPES_COLSUCUP_PROD_AUTOR_2017A2018_2019_07_03_BIBLIOGRAFICA_ARTPE_2018_PARTE2
04/03/2025 11:49:45 - INFO - Adicionando: CAPES - BR_CAPES_COLSUCUP_PROD_AUTOR_2017A2020_2022_05_31_ARTISTICA_MUSICA
04/03/2025 11:49:46 - INFO - Adicionando: CAPES - BR_COLSUCUP_PROD_DETALHE_BIBLIOGRAFICA_2017A2020_2022_06_30_LIVRO
04/03/2025 11:49:46 - INFO - Adicionando: CAPES - BR_CAPES_COLSUCUP_PRODUCAO_2017A2018_2019_08_07_TECNICA_MAQUETE
04/03/2025 11:49:46 - INFO - Adicionando: CAPES - BR_CAPES_COLSUCUP_PRODUCAO_2017A2020_2021_11_25_TECNICA_DMDI
04/03/2025 11:49:47 - INFO - Adicionando: CAPES - BR_CAPES_COLSUCUP_PRODUCAO_2017A2020_2021_11_25_TECNICA_DESTEC
04/03/2025 11:49:47 - INFO - Adicionando: CAPES - BR_COLSUCUP_PROD_DETALHE_TECNICA_2013A2016_2017_10_01_CURSOCDU
04/03/2025 11:49:48 - INFO - Adicionando: CAPES - BR_CAPES_COLSUCUP_PROD_AUTOR_2021A2024_2023_10_31_TECNICA_DESTEC
04/03/2025 11:49:49 - INFO - Adicionando: CAPES - BR_COLSUCUP_PROD_DETALHE_TECNICA_2013A2016_2017_10_01_DPRODU
04/03/2025 11:49:49 - INFO - Adicionando: CAPES - BR_CAPES_COLSUCUP_PRODUCAO_2017A2020_2021_11_25_TECNICA_REPESQ
04/03/2025 11:49:50 - INFO - Adicionando: CAPES - BR_CAPES_COLSUCUP_PRODUCAO_2017A2020_2022_06_22_BIBLIOGRAFICA_OUTRO
04/03/2025 11:49:50 - INFO - Adicionando: CAPES - BR_COLSUCUP_PROD_DETALHE_BIBLIOGRAFICA_2017A2018_2019_07_05_LIVRO
04/03/2025 11:49:51 - INFO - Adicionando: CAPES - BR_CAPES_COLSUCUP_PROD_AUTOR_2013A2016_2017_03_01_BIBLIOGRAFICA_PARTMU
04/03/2025 11:49:51 - INFO - Adicionando: CAPES - BR_CAPES_COLSUCUP_PRODUCAO_2017A2020_2021_11_25_TECNICA_DEAPLI
04/03/2025 11:49:53 - INFO - Adicionando: CAPES - BR_COLSUCUP_PROD_DETALHE_TECNICA_2017A2020_2022_06_30_OUTRO
04/03/2025 11:49:54 - INFO - Adicionando: CAPES - BR_CAPES_COLSUCUP_PRODUCAO_2017A2020_2022_06_22_TECNICA_APTRA
04/03/2025 11:49:54 - INFO - Adicionando: CAPES - BR_CAPES_COLSUCUP_PRODUCAO_2017A2020_2021_11_25_BIBLIOGRAFICA_LIVRO
04/03/2025 11:49:55 - INFO - Adicionando: CAPES - BR_CAPES_COLSUCUP_PRODUCAO_2013A2016_2017_11_01_BIBLIOGRAFICA_PARTMU
04/03/2025 11:49:55 - INFO - Adicionando: CAPES - BR_CAPES_COL_PROD_2004A2012_2018_08_01_BIBLIOGRAFICA_PARTMU
04/03/2025 11:49:56 - INFO - Adicionando: CAPES - BR_CAPES_COLSUCUP_PROD_AUTOR_2017A2020_2022_05_31_TECNICA_DPRODU
04/03/2025 11:49:57 - INFO - Adicionando: CAPES - BR_CAPES_COLSUCUP_PROD_AUTOR_2013A2016_2017_03_01_BIBLIOGRAFICA_ANAIS
04/03/2025 11:49:57 - INFO - Adicionando: CAPES - BR_CAPES_COLSUCUP_PRODUCAO_2017A2020_2022_06_22_TECNICA_DESTEC
04/03/2025 11:49:58 - INFO - Adicionando: CAPES - BR_CAPES_COLSUCUP_PROD_AUTOR_2017A2020_2020_11_19_BIBLIOGRAFICA_OUTRO
04/03/2025 11:49:58 - INFO - Adicionando: CAPES - BR_CAPES_COLSUCUP_PROD_AUTOR_2017A2020_2022_05_31_ARTISTICA_OUTRA
04/03/2025 11:49:58 - INFO - Adicionando: CAPES - BR_COLSUCUP_PROD_DETALHE_TECNICA_2013A2016_2017_10_01_DESTEC
04/03/2025 11:49:59 - INFO - Adicionando: CAPES - BR_CAPES_COLSUCUP_PROD_AUTOR_2017A2020_2020_11_19_BIBLIOGRAFICA_ARTJR
04/03/2025 11:49:59 - INFO - Adicionando: CAPES - BR_CAPES_COLSUCUP_PRODUCAO_2017A2020_2021_11_25_TECNICA_PROGRTV
04/03/2025 11:49:59 - INFO - Adicionando: CAPES - BR_CAPES_COLSUCUP_PRODUCAO_2017A2018_2019_08_07_TECNICA_CURSOCDU
04/03/2025 11:50:00 - INFO - Adicionando: CAPES - BR_COLSUCUP_PROD_DETALHE_BIBLIOGRAFICA_2017A2018_2019_07_05_TRADU
04/03/2025 11:50:00 - INFO - Adicionando: CAPES - BR_COLSUCUP_PROD_DETALHE_BIBLIOGRAFICA_2017A2020_2022_06_30_OUTRO
04/03/2025 11:50:01 - INFO - Adicionando: CAPES - BR_CAPES_COLSUCUP_PROD_AUTOR_2017A2020_2022_05_31_TECNICA_OUTRO
04/03/2025 11:50:02 - INFO - Adicionando: CAPES - BR_CAPES_COLSUCUP_PROD_AUTOR_2021A2024_2023_10_31_TECNICA_DPRODU
04/03/2025 11:50:03 - INFO - Adicionando: CAPES - BR_COLSUCUP_PROD_DETALHE_TECNICA_2013A2016_2017_10_01_EDITORIA
04/03/2025 11:50:03 - INFO - Adicionando: CAPES - BR_CAPES_COLSUCUP_PRODUCAO_2013A2016_2017_11_01_TECNICA_DPRODU
04/03/2025 11:50:04 - INFO - Adicionando: CAPES - BR_CAPES_COL_PROD_2004A2012_2018_08_01_TECNICA_MAQUETE
04/03/2025 11:50:04 - INFO - Adicionando: CAPES - BR_CAPES_COL_PROD_2004A2012_2018_08_01_TECNICA_APTRA
04/03/2025 11:50:05 - INFO - Adicionando: CAPES - BR_CAPES_COLSUCUP_PRODUCAO_2017A2020_2021_11_25_TECNICA_CURSOCDU
04/03/2025 11:50:05 - INFO - Adicionando: CAPES - BR_CAPES_COLSUCUP_PRODUCAO_2017A2020_2022_06_22_BIBLIOGRAFICA_ARTJR
04/03/2025 11:50:05 - INFO - Adicionando: CAPES - BR_CAPES_COLSUCUP_PRODUCAO_2017A2020_2020_11_17_TECNICA_REPESQ
04/03/2025 11:50:06 - INFO - Adicionando: CAPES - BR_CAPES_COLSUCUP_PROD_AUTOR_2017A2020_2020_11_19_TECNICA_SERVTEC
04/03/2025 11:50:07 - INFO - Adicionando: CAPES - BR_CAPES_COLSUCUP_PROD_AUTOR_2013A2016_2017_03_01_BIBLIOGRAFICA_LIVRO
04/03/2025 11:50:07 - INFO - Adicionando: CAPES - BR_CAPES_COLSUCUP_PRODUCAO_2021A2024_2023_10_31_TECNICA_CARTAMAP
04/03/2025 11:50:08 - INFO - Adicionando: CAPES - BR_CAPES_COLSUCUP_PRODUCAO_2017A2018_2019_08_07_ARTISTICA_OUTRA
04/03/2025 11:50:08 - INFO - Adicionando: CAPES - BR_COLSUCUP_PROD_DETALHE_BIBLIOGRAFICA_2017A2018_2019_07_05_ARTJR
04/03/2025 11:50:08 - INFO - Adicionando: CAPES - BR_CAPES_COLSUCUP_PRODUCAO_2017A2020_2022_06_22_TECNICA_CARTAMAP
04/03/2025 11:50:09 - INFO - Adicionando: CAPES - BR_CAPES_COLSUCUP_PRODUCAO_2017A2018_2019_08_07_BIBLIOGRAFICA_ANAIS
04/03/2025 11:50:10 - INFO - Adicionando: CAPES - BR_CAPES_COLSUCUP_PROD_AUTOR_2021A2024_2023_10_31_BIBLIOGRAFICA_ARTJR
04/03/2025 11:50:12 - INFO - Adicionando: CAPES - BR_COLSUCUP_PROD_DETALHE_TECNICA_2017A2020_2022_06_30_APTRA
04/03/2025 11:50:12 - INFO - Adicionando: CAPES - BR_CAPES_COL_PROD_2004A2012_2018_08_01_BIBLIOGRAFICA_SERVTEC
04/03/2025 11:50:13 - INFO - Adicionando: CAPES - BR_CAPES_COL_PROD_2004A2012_2018_08_01_BIBLIOGRAFICA_OUTRO
04/03/2025 11:50:14 - INFO - Adicionando: CAPES - BR_CAPES_COLSUCUP_PRODUCAO_2013A2016_2017_11_01_TECNICA_EDITORIA
04/03/2025 11:50:14 - INFO - Adicionando: CAPES - BR_COLSUCUP_PROD_DETALHE_TECNICA_2017A2018_2019_07_08_DPRODU
04/03/2025 11:50:14 - INFO - Adicionando: CAPES - BR_CAPES_COL_PROD_2004A2012_2018_08_01_TECNICA_OBRAART
04/03/2025 11:50:15 - INFO - Adicionando: CAPES - BR_CAPES_COLSUCUP_PRODUCAO_2017A2018_2019_08_07_TECNICA_PATENTE
04/03/2025 11:50:16 - INFO - Adicionando: CAPES - BR_CAPES_COLSUCUP_PROD_AUTOR_2017A2020_2022_05_31_BIBLIOGRAFICA_TRADU
04/03/2025 11:50:17 - INFO - Adicionando: CAPES - BR_CAPES_COLSUCUP_PROD_AUTOR_2017A2020_2020_11_19_TECNICA_CURSOCDU
04/03/2025 11:50:17 - INFO - Adicionando: CAPES - BR_CAPES_COL_PROD_2004A2012_2018_08_01_TECNICA_EDITORIA
04/03/2025 11:50:18 - INFO - Adicionando: CAPES - BR_COLSUCUP_PROD_DETALHE_TECNICA_2017A2018_2019_07_08_MAQUETE
04/03/2025 11:50:18 - INFO - Adicionando: CAPES - BR_CAPES_COLSUCUP_PRODUCAO_2017A2018_2019_08_07_TECNICA_APTRA
04/03/2025 11:50:19 - INFO - Adicionando: CAPES - BR_CAPES_COLSUCUP_PROD_AUTOR_2021A2024_2023_10_31_BIBLIOGRAFICA_ANAIS_2022
04/03/2025 11:50:21 - INFO - Adicionando: CAPES - BR_CAPES_COLSUCUP_PROD_AUTOR_2013A2016_2017_03_01_BIBLIOGRAFICA_TRADU
04/03/2025 11:50:21 - INFO - Adicionando: CAPES - BR_CAPES_COLSUCUP_PRODUCAO_2017A2020_2020_06_30_BIBLIOGRAFICA_ARTPE
04/03/2025 11:50:23 - INFO - Adicionando: CAPES - BR_CAPES_COLSUCUP_PROD_AUTOR_2017A2020_2022_05_31_BIBLIOGRAFICA_ANAIS_2020
04/03/2025 11:50:24 - INFO - Adicionando: CAPES - BR_CAPES_COLSUCUP_PRODUCAO_2017A2020_2022_06_22_TECNICA_SERVTEC
04/03/2025 11:50:24 - INFO - Adicionando: CAPES - BR_CAPES_COLSUCUP_PRODUCAO_2017A2020_2020_11_17_BIBLIOGRAFICA_ARTPE
04/03/2025 11:50:24 - INFO - Adicionando: CAPES - BR_CAPES_COLSUCUP_PROD_AUTOR_2017A2020_2020_11_19_BIBLIOGRAFICA_ARTPE_2017_PARTE1
04/03/2025 11:50:25 - INFO - Adicionando: CAPES - BR_COLSUCUP_PROD_DETALHE_ARTISTICA_2013A2016_2017_10_01_VISUAL
04/03/2025 11:50:26 - INFO - Adicionando: CAPES - BR_COLSUCUP_PROD_DETALHE_BIBLIOGRAFICA_2017A2018_2019_07_05_OUTRO
04/03/2025 11:50:26 - INFO - Adicionando: CAPES - BR_CAPES_COLSUCUP_PRODUCAO_2017A2018_2019_08_07_TECNICA_DESTEC
04/03/2025 11:50:27 - INFO - Adicionando: CAPES - BR_CAPES_COLSUCUP_PROD_AUTOR_2017A2020_2022_05_31_ARTISTICA_CENICA
04/03/2025 11:50:28 - INFO - Adicionando: CAPES - BR_CAPES_COLSUCUP_PRODUCAO_2017A2018_2019_08_07_BIBLIOGRAFICA_TRADU
04/03/2025 11:50:28 - INFO - Adicionando: CAPES - BR_CAPES_COLSUCUP_PRODUCAO_2021A2024_2023_10_31_ARTISTICA_OUTRA
04/03/2025 11:50:28 - INFO - Adicionando: CAPES - BR_CAPES_COL_PROD_2004A2012_2018_08_01_TECNICA_APTRA_ld
04/03/2025 11:50:29 - INFO - Adicionando: CAPES - BR_CAPES_COLSUCUP_PROD_AUTOR_2021A2024_2023_10_31_TECNICA_CARTAMAP
04/03/2025 11:50:29 - INFO - Adicionando: CAPES - BR_CAPES_COL_PROD_2004A2012_2018_08_01_ARTISTICA_CENICAS
04/03/2025 11:50:30 - INFO - Adicionando: CAPES - BR_CAPES_COL_PROD_2004A2012_2018_08_01_TECNICA_ORGEVENTO
04/03/2025 11:50:30 - INFO - Adicionando: CAPES - BR_CAPES_COLSUCUP_PROD_AUTOR_2017A2020_2020_11_19_BIBLIOGRAFICA_ARTPE_2018_PARTE1
04/03/2025 11:50:31 - INFO - Adicionando: CAPES - BR_CAPES_COLSUCUP_PROD_AUTOR_2017A2020_2020_11_19_TECNICA_EDITORIA
04/03/2025 11:50:31 - INFO - Adicionando: CAPES - BR_CAPES_COLSUCUP_PROD_AUTOR_2013A2016_2017_03_01_TECNICA_ORGEVENTO
04/03/2025 11:50:32 - INFO - Adicionando: CAPES - BR_CAPES_COLSUCUP_PRODUCAO_2013A2016_2017_11_01_BIBLIOGRAFICA_LIVRO
04/03/2025 11:50:32 - INFO - Adicionando: CAPES - BR_CAPES_COLSUCUP_PRODUCAO_2017A2020_2020_11_17_BIBLIOGRAFICA_LIVRO
04/03/2025 11:50:33 - INFO - Adicionando: CAPES - BR_COLSUCUP_PROD_DETALHE_ARTISTICA_2013A2016_2017_10_01_MUSICA
04/03/2025 11:50:34 - INFO - Adicionando: CAPES - BR_CAPES_COLSUCUP_PRODUCAO_2017A2020_2020_11_17_TECNICA_OUTRO
04/03/2025 11:50:34 - INFO - Adicionando: CAPES - BR_CAPES_COLSUCUP_PRODUCAO_2017A2018_2019_08_07_BIBLIOGRAFICA_LIVRO
04/03/2025 11:50:35 - INFO - Adicionando: CAPES - BR_CAPES_COLSUCUP_PRODUCAO_2013A2016_2017_11_01_TECNICA_CARTAMAP
04/03/2025 11:50:36 - INFO - Adicionando: CAPES - BR_CAPES_COL_PROD_2004A2012_2018_08_01_BIBLIOGRAFICA_ANAIS_P2
04/03/2025 11:50:36 - INFO - Adicionando: CAPES - BR_CAPES_COLSUCUP_PRODUCAO_2017A2018_2019_08_07_ARTISTICA_CENICAS
04/03/2025 11:50:37 - INFO - Adicionando: CAPES - BR_CAPES_COLSUCUP_PROD_AUTOR_2013A2016_2017_03_01_TECNICA_DMDI
04/03/2025 11:50:37 - INFO - Adicionando: CAPES - BR_CAPES_COLSUCUP_PROD_AUTOR_2017A2020_2020_11_19_TECNICA_DPRODU
04/03/2025 11:50:38 - INFO - Adicionando: CAPES - BR_CAPES_COLSUCUP_PROD_AUTOR_2017A2018_2019_07_04_TECNICA_CARTAMAP
04/03/2025 11:50:38 - INFO - Adicionando: CAPES - BR_CAPES_COLSUCUP_PROD_AUTOR_2017A2020_2020_11_19_TECNICA_REPESQ
04/03/2025 11:50:39 - INFO - Adicionando: CAPES - BR_COLSUCUP_PROD_DETALHE_TECNICA_2017A2020_2022_06_30_OBRAART
04/03/2025 11:50:39 - INFO - Adicionando: CAPES - BR_CAPES_COLSUCUP_PROD_DETALHE_TECNICA_2021A2024_2023_10_31_ORGEVENTO
04/03/2025 11:50:40 - INFO - Adicionando: CAPES - BR_CAPES_COLSUCUP_PROD_AUTOR_2013A2016_2017_03_01_TECNICA_PATENTE
04/03/2025 11:50:40 - INFO - Adicionando: CAPES - BR_CAPES_COL_PROD_2004A2012_2018_08_01_TECNICA_SERVTEC
04/03/2025 11:50:41 - INFO - Adicionando: CAPES - BR_CAPES_COLSUCUP_PRODUCAO_2017A2020_2021_11_25_TECNICA_ORGEVENTO
04/03/2025 11:50:41 - INFO - Adicionando: CAPES - BR_CAPES_COLSUCUP_PRODUCAO_2017A2020_2021_11_25_TECNICA_CARTAMAP
04/03/2025 11:50:42 - INFO - Adicionando: CAPES - BR_COLSUCUP_PROD_DETALHE_TECNICA_2013A2016_2017_10_01_SERVTEC
04/03/2025 11:50:42 - INFO - Adicionando: CAPES - BR_CAPES_COLSUCUP_PROD_AUTOR_2017A2018_2019_07_04_TECNICA_OUTRO
04/03/2025 11:50:43 - INFO - Adicionando: CAPES - BR_CAPES_COLSUCUP_PROD_DETALHE_TECNICA_2021A2024_2023_10_31_OBRAART
04/03/2025 11:50:43 - INFO - Adicionando: CAPES - BR_COLSUCUP_PROD_DETALHE_ARTISTICA_2013A2016_2017_10_01_OUTRA
04/03/2025 11:50:44 - INFO - Adicionando: CAPES - BR_CAPES_COL_PROD_2004A2012_2018_08_01_TECNICA_OUTRO
04/03/2025 11:50:44 - INFO - Adicionando: CAPES - BR_CAPES_COLSUCUP_PRODUCAO_2021A2024_2023_10_31_TECNICA_DESTEC
04/03/2025 11:50:45 - INFO - Adicionando: CAPES - BR_CAPES_COLSUCUP_PRODUCAO_2013A2016_2017_11_01_ARTISTICA_MUSICA
04/03/2025 11:50:45 - INFO - Adicionando: CAPES - BR_CAPES_COLSUCUP_PROD_AUTOR_2013A2016_2017_03_01_BIBLIOGRAFICA_ARTPE
04/03/2025 11:50:46 - INFO - Adicionando: CAPES - BR_CAPES_COLSUCUP_PROD_DETALHE_TECNICA_2021A2024_2023_10_31_APTRA
04/03/2025 11:50:46 - INFO - Adicionando: CAPES - BR_CAPES_COLSUCUP_PRODUCAO_2017A2020_2021_11_25_BIBLIOGRAFICA_ARTPE
04/03/2025 11:50:47 - INFO - Adicionando: CAPES - BR_COLSUCUP_PROD_DETALHE_TECNICA_2013A2016_2017_10_01_APTRA
04/03/2025 11:50:48 - INFO - Adicionando: CAPES - BR_CAPES_COLSUCUP_PROD_AUTOR_2013A2016_2017_03_01_ARTISTICA_MUSICA
04/03/2025 11:50:49 - INFO - Adicionando: CAPES - BR_CAPES_COLSUCUP_PROD_AUTOR_2017A2020_2020_11_19_TECNICA_ORGEVENTO
04/03/2025 11:50:49 - INFO - Adicionando: CAPES - BR_CAPES_COLSUCUP_PRODUCAO_2021A2024_2023_10_31_BIBLIOGRAFICA_TRADU
04/03/2025 11:50:50 - INFO - Adicionando: CAPES - BR_CAPES_COLSUCUP_PROD_DETALHE_TECNICA_2021A2024_2023_10_31_PROGRTV
04/03/2025 11:50:50 - INFO - Adicionando: CAPES - BR_COLSUCUP_PROD_DETALHE_TECNICA_2013A2016_2017_10_01_CARTAMAP
04/03/2025 11:50:51 - INFO - Adicionando: CAPES - BR_CAPES_COLSUCUP_PRODUCAO_2017A2020_2022_06_22_TECNICA_DEAPLI
04/03/2025 11:50:52 - INFO - Adicionando: CAPES - BR_CAPES_COLSUCUP_PROD_AUTOR_2017A2020_2020_11_19_ARTISTICA_VISUAL
04/03/2025 11:50:52 - INFO - Adicionando: CAPES - BR_COLSUCUP_PROD_DETALHE_TECNICA_2017A2018_2019_07_08_DEAPLI
04/03/2025 11:50:52 - INFO - Adicionando: CAPES - BR_CAPES_COLSUCUP_PROD_AUTOR_2017A2020_2020_11_19_BIBLIOGRAFICA_ARTPE_2018_PARTE2
04/03/2025 11:50:53 - INFO - Adicionando: CAPES - BR_CAPES_COLSUCUP_PROD_DETALHE_BIBLIOGRAFICA_2021A2024_2023_10_31_ARTPE
04/03/2025 11:50:53 - INFO - Adicionando: CAPES - BR_CAPES_COLSUCUP_PRODUCAO_2013A2016_2017_11_01_ARTISTICA_VISUAL
04/03/2025 11:50:54 - INFO - Adicionando: CAPES - BR_CAPES_COLSUCUP_PRODUCAO_2013A2016_2017_11_01_TECNICA_ORGEVENTO
04/03/2025 11:50:54 - INFO - Adicionando: CAPES - BR_CAPES_COLSUCUP_PRODUCAO_2021A2024_2023_10_31_TECNICA_PATENTE
04/03/2025 11:50:55 - INFO - Adicionando: CAPES - BR_CAPES_COLSUCUP_PRODUCAO_2017A2018_2019_08_07_TECNICA_ORGEVENTO
04/03/2025 11:50:55 - INFO - Adicionando: CAPES - BR_CAPES_COLSUCUP_PROD_AUTOR_2017A2020_2020_11_19_TECNICA_DEAPLI
04/03/2025 11:50:56 - INFO - Adicionando: CAPES - BR_COLSUCUP_PROD_DETALHE_TECNICA_2013A2016_2017_10_01_DEAPLI
04/03/2025 11:50:57 - INFO - Adicionando: CAPES - BR_CAPES_COLSUCUP_PROD_AUTOR_2013A2016_2017_03_01_TECNICA_OBRAART
04/03/2025 11:50:57 - INFO - Adicionando: CAPES - BR_CAPES_COLSUCUP_PROD_DETALHE_BIBLIOGRAFICA_2021A2024_2023_10_31_OUTRO
04/03/2025 11:50:58 - INFO - Adicionando: CAPES - BR_CAPES_COLSUCUP_PROD_AUTOR_2013A2016_2017_03_01_BIBLIOGRAFICA_OUTRO
04/03/2025 11:50:58 - INFO - Adicionando: CAPES - BR_CAPES_COL_PROD_2004A2012_2018_08_01_ARTISTICA_ARRMU
04/03/2025 11:50:59 - INFO - Adicionando: CAPES - BR_CAPES_COLSUCUP_PROD_AUTOR_2013A2016_2017_03_01_BIBLIOGRAFICA_ARTJR
04/03/2025 11:50:59 - INFO - Adicionando: CAPES - BR_CAPES_COLSUCUP_PROD_AUTOR_2017A2020_2020_11_19_BIBLIOGRAFICA_LIVRO
04/03/2025 11:50:59 - INFO - Adicionando: CAPES - BR_CAPES_COLSUCUP_PRODUCAO_2021A2024_2023_10_31_ARTISTICA_VISUAL
04/03/2025 11:51:00 - INFO - Adicionando: CAPES - BR_CAPES_COLSUCUP_PROD_AUTOR_2021A2024_2023_10_31_TECNICA_MAQUETE
04/03/2025 11:51:02 - INFO - Adicionando: CAPES - BR_CAPES_COLSUCUP_PROD_AUTOR_2017A2020_2022_05_31_BIBLIOGRAFICA_ARTPE_2019
04/03/2025 11:51:03 - INFO - Adicionando: CAPES - BR_CAPES_COLSUCUP_PROD_AUTOR_2013A2016_2017_03_01_ARTISTICA_OUTRA
04/03/2025 11:51:03 - INFO - Adicionando: CAPES - BR_CAPES_COLSUCUP_PROD_AUTOR_2017A2020_2020_11_19_TECNICA_PROGRTV
04/03/2025 11:51:04 - INFO - Adicionando: CAPES - BR_CAPES_COLSUCUP_PROD_DETALHE_TECNICA_2021A2024_2023_10_31_OUTRO
04/03/2025 11:51:04 - INFO - Adicionando: CAPES - BR_CAPES_COLSUCUP_PRODUCAO_2017A2018_2019_08_07_TECNICA_DMDI
04/03/2025 11:51:05 - INFO - Adicionando: CAPES - BR_CAPES_COLSUCUP_PRODUCAO_2021A2024_2023_10_31_TECNICA_REPESQ
04/03/2025 11:51:05 - INFO - Adicionando: CAPES - BR_CAPES_COL_PROD_2004A2012_2018_08_01_BIBLIOGRAFICA_ARTPE_ld
04/03/2025 11:51:06 - INFO - Adicionando: CAPES - BR_COLSUCUP_PROD_DETALHE_BIBLIOGRAFICA_2013A2016_2017_10_01_ANAIS
04/03/2025 11:51:06 - INFO - Adicionando: CAPES - BR_CAPES_COLSUCUP_PROD_AUTOR_2017A2018_2019_09_09_TECNICA_ORGEVENTO
04/03/2025 11:51:06 - INFO - Adicionando: CAPES - BR_CAPES_COLSUCUP_PROD_AUTOR_2017A2020_2020_11_19_TECNICA_DESTEC
04/03/2025 11:51:07 - INFO - Adicionando: CAPES - BR_CAPES_COLSUCUP_PROD_AUTOR_2017A2020_2022_05_31_BIBLIOGRAFICA_ARTPE_2018
04/03/2025 11:51:07 - INFO - Adicionando: CAPES - BR_CAPES_COLSUCUP_PROD_AUTOR_2021A2024_2023_10_31_BIBLIOGRAFICA_LIVRO
04/03/2025 11:51:08 - INFO - Adicionando: CAPES - BR_CAPES_COLSUCUP_PRODUCAO_2017A2020_2020_11_17_BIBLIOGRAFICA_TRADU
04/03/2025 11:51:08 - INFO - Adicionando: CAPES - BR_CAPES_COL_PROD_2004A2012_2018_08_01_TECNICA_DPRODU
04/03/2025 11:51:09 - INFO - Adicionando: CAPES - BR_CAPES_COLSUCUP_PROD_AUTOR_2017A2018_2019_07_03_BIBLIOGRAFICA_ARTPE_2017_PARTE1
04/03/2025 11:51:09 - INFO - Adicionando: CAPES - BR_CAPES_COLSUCUP_PRODUCAO_2017A2020_2021_11_25_TECNICA_OUTRO
04/03/2025 11:51:09 - INFO - Adicionando: CAPES - BR_CAPES_COL_PROD_2004A2012_2018_08_01_TECNICA_DMDI
04/03/2025 11:51:10 - INFO - Adicionando: CAPES - BR_CAPES_COLSUCUP_PRODUCAO_2017A2020_2022_06_22_ARTISTICA_CENICAS
04/03/2025 11:51:11 - INFO - Adicionando: CAPES - BR_COLSUCUP_PROD_DETALHE_BIBLIOGRAFICA_2013A2016_2017_10_01_LIVRO
04/03/2025 11:51:11 - INFO - Adicionando: CAPES - BR_CAPES_COLSUCUP_PROD_AUTOR_2017A2020_2022_05_31_TECNICA_DMDI
04/03/2025 11:51:12 - INFO - Adicionando: CAPES - BR_COLSUCUP_PROD_DETALHE_ARTISTICA_2013A2016_2017_10_01_CENICA
04/03/2025 11:51:12 - INFO - Adicionando: CAPES - BR_CAPES_COL_PROD_2004A2012_2018_08_01_ARTISTICA_OUTRAPROD
04/03/2025 11:51:13 - INFO - Adicionando: CAPES - BR_CAPES_COLSUCUP_PROD_AUTOR_2017A2020_2022_05_31_TECNICA_OBRAART
04/03/2025 11:51:14 - INFO - Adicionando: CAPES - BR_CAPES_COLSUCUP_PROD_AUTOR_2017A2020_2020_11_19_TECNICA_OBRAART
04/03/2025 11:51:14 - INFO - Adicionando: CAPES - BR_CAPES_COLSUCUP_PROD_AUTOR_2017A2018_2019_07_03_BIBLIOGRAFICA_TRADU
04/03/2025 11:51:15 - INFO - Adicionando: CAPES - BR_CAPES_COLSUCUP_PRODUCAO_2017A2020_2022_06_22_BIBLIOGRAFICA_LIVRO
04/03/2025 11:51:16 - INFO - Adicionando: CAPES - BR_CAPES_COLSUCUP_PRODUCAO_2013A2016_2017_11_01_TECNICA_PROGRTV
04/03/2025 11:51:16 - INFO - Adicionando: CAPES - BR_CAPES_COLSUCUP_PROD_AUTOR_2017A2020_2022_05_31_TECNICA_REPESQ
04/03/2025 11:51:16 - INFO - Adicionando: CAPES - BR_CAPES_COLSUCUP_PRODUCAO_2021A2024_2023_10_31_TECNICA_MAQUETE
04/03/2025 11:51:17 - INFO - Adicionando: CAPES - BR_CAPES_COLSUCUP_PRODUCAO_2017A2020_2020_11_17_BIBLIOGRAFICA_PARTMU
04/03/2025 11:51:17 - INFO - Adicionando: CAPES - BR_COLSUCUP_PROD_DETALHE_BIBLIOGRAFICA_2017A2020_2022_06_30_ANAIS
04/03/2025 11:51:18 - INFO - Adicionando: CAPES - BR_CAPES_COL_PROD_2004A2012_2018_08_01_BIBLIOGRAFICA_ANAIS_P1
04/03/2025 11:51:18 - INFO - Adicionando: CAPES - BR_CAPES_COLSUCUP_PRODUCAO_2017A2020_2022_06_22_BIBLIOGRAFICA_ANAIS
04/03/2025 11:51:19 - INFO - Adicionando: CAPES - BR_CAPES_COLSUCUP_PRODUCAO_2021A2024_2023_10_31_TECNICA_DPRODU
04/03/2025 11:51:19 - INFO - Adicionando: CAPES - BR_CAPES_COLSUCUP_PROD_DETALHE_TECNICA_2021A2024_2023_10_31_DPRODU
04/03/2025 11:51:20 - INFO - Adicionando: CAPES - BR_CAPES_COLSUCUP_PROD_AUTOR_2017A2018_2019_07_04_TECNICA_REPESQ
04/03/2025 11:51:20 - INFO - Adicionando: CAPES - BR_CAPES_COL_PROD_2004A2012_2018_08_01_TECNICA_CARTAMAP
04/03/2025 11:51:21 - INFO - Adicionando: CAPES - BR_COLSUCUP_PROD_DETALHE_BIBLIOGRAFICA_2017A2020_2022_06_30_PARTMU
04/03/2025 11:51:21 - INFO - Adicionando: CAPES - BR_CAPES_COLSUCUP_PRODUCAO_2017A2018_2019_08_07_BIBLIOGRAFICA_ARTPE
04/03/2025 11:51:22 - INFO - Adicionando: CAPES - BR_CAPES_COLSUCUP_PROD_AUTOR_2017A2020_2022_05_31_BIBLIOGRAFICA_ANAIS_2019
04/03/2025 11:51:23 - INFO - Adicionando: CAPES - BR_CAPES_COLSUCUP_PRODUCAO_2017A2020_2020_11_17_TECNICA_MAQUETE
04/03/2025 11:51:24 - INFO - Adicionando: CAPES - BR_COLSUCUP_PROD_DETALHE_TECNICA_2017A2020_2022_06_30_REPESQ
04/03/2025 11:51:25 - INFO - Adicionando: CAPES - BR_CAPES_COLSUCUP_PROD_AUTOR_2017A2020_2020_11_19_TECNICA_DMDI
04/03/2025 11:51:25 - INFO - Adicionando: CAPES - BR_COLSUCUP_PROD_DETALHE_TECNICA_2017A2020_2022_06_30_DESTEC
04/03/2025 11:51:26 - INFO - Adicionando: CAPES - BR_CAPES_COLSUCUP_PRODUCAO_2017A2018_2019_08_07_TECNICA_OUTRO
04/03/2025 11:51:26 - INFO - Adicionando: CAPES - BR_CAPES_COLSUCUP_PRODUCAO_2017A2020_2020_11_17_BIBLIOGRAFICA_OUTRO
04/03/2025 11:51:27 - INFO - Adicionando: CAPES - BR_CAPES_COLSUCUP_PRODUCAO_2013A2016_2017_11_01_TECNICA_CURSOCDU
04/03/2025 11:51:28 - INFO - Adicionando: CAPES - BR_CAPES_COLSUCUP_PROD_AUTOR_2017A2020_2022_05_31_TECNICA_APTRA
04/03/2025 11:51:29 - INFO - Adicionando: CAPES - BR_CAPES_COLSUCUP_PRODUCAO_2017A2020_2022_06_22_TECNICA_EDITORIA
04/03/2025 11:51:29 - INFO - Adicionando: CAPES - BR_CAPES_COL_PROD_2004A2012_2018_08_01_ARTISTICA_SONOPLASTIA
04/03/2025 11:51:30 - INFO - Adicionando: CAPES - BR_CAPES_COLSUCUP_PRODUCAO_2013A2016_2017_11_01_TECNICA_DMDI
04/03/2025 11:51:30 - INFO - Adicionando: CAPES - BR_CAPES_COLSUCUP_PRODUCAO_2013A2016_2017_11_01_TECNICA_DEAPLI
04/03/2025 11:51:31 - INFO - Adicionando: CAPES - BR_CAPES_COLSUCUP_PROD_AUTOR_2017A2020_2020_11_19_TECNICA_OUTRO
04/03/2025 11:51:31 - INFO - Adicionando: CAPES - BR_CAPES_COL_PROD_2004A2012_2018_08_01_ARTISTICA_CURSOCDU
04/03/2025 11:51:32 - INFO - Adicionando: CAPES - BR_COLSUCUP_PROD_DETALHE_TECNICA_2017A2020_2022_06_30_ORGEVENTO
04/03/2025 11:51:33 - INFO - Adicionando: CAPES - BR_COLSUCUP_PROD_DETALHE_BIBLIOGRAFICA_2013A2016_2017_10_01_PARTMU
04/03/2025 11:51:33 - INFO - Adicionando: CAPES - BR_CAPES_COLSUCUP_PRODUCAO_2017A2020_2020_11_17_TECNICA_SERVTEC
04/03/2025 11:51:34 - INFO - Adicionando: CAPES - BR_COLSUCUP_PROD_DETALHE_TECNICA_2017A2018_2019_07_08_APTRA
04/03/2025 11:51:34 - INFO - Adicionando: CAPES - BR_CAPES_COLSUCUP_PRODUCAO_2017A2018_2019_08_07_TECNICA_PROGRTV
04/03/2025 11:51:34 - INFO - Adicionando: CAPES - BR_CAPES_COLSUCUP_PROD_AUTOR_2017A2018_2019_07_04_TECNICA_CURSOCDU
04/03/2025 11:51:35 - INFO - Adicionando: CAPES - BR_CAPES_COL_PROD_2004A2012_2018_08_01_ARTISTICA_APOBRAART
04/03/2025 11:51:36 - INFO - Adicionando: CAPES - BR_CAPES_COLSUCUP_PROD_AUTOR_2017A2020_2022_05_31_BIBLIOGRAFICA_ARTJR
04/03/2025 11:51:37 - INFO - Adicionando: CAPES - BR_CAPES_COLSUCUP_PROD_AUTOR_2013A2016_2017_03_01_TECNICA_APTRA
04/03/2025 11:51:37 - INFO - Adicionando: CAPES - BR_CAPES_COLSUCUP_PROD_AUTOR_2017A2020_2020_11_19_BIBLIOGRAFICA_ARTPE_2019_PARTE2
04/03/2025 11:51:37 - INFO - Adicionando: CAPES - BR_CAPES_COLSUCUP_PRODUCAO_2017A2020_2020_11_17_ARTISTICA_OUTRA
04/03/2025 11:51:38 - INFO - Adicionando: CAPES - BR_CAPES_COLSUCUP_PRODUCAO_2021A2024_2023_10_31_TECNICA_CURSOCDU
04/03/2025 11:51:38 - INFO - Adicionando: CAPES - BR_CAPES_COLSUCUP_PRODUCAO_2017A2020_2021_11_25_TECNICA_APTRA
04/03/2025 11:51:39 - INFO - Adicionando: CAPES - BR_CAPES_COLSUCUP_PROD_AUTOR_2013A2016_2017_03_01_TECNICA_CARTAMAP
04/03/2025 11:51:39 - INFO - Adicionando: CAPES - BR_COLSUCUP_PROD_DETALHE_TECNICA_2013A2016_2017_10_01_MAQUETE
04/03/2025 11:51:40 - INFO - Adicionando: CAPES - BR_COLSUCUP_PROD_DETALHE_TECNICA_2013A2016_2017_10_01_ORGEVENTO
04/03/2025 11:51:41 - INFO - Adicionando: CAPES - BR_CAPES_COLSUCUP_PROD_AUTOR_2021A2024_2023_10_31_TECNICA_OUTRO
04/03/2025 11:51:42 - INFO - Adicionando: CAPES - BR_CAPES_COLSUCUP_PROD_AUTOR_2013A2016_2017_03_01_TECNICA_REPESQ
04/03/2025 11:51:42 - INFO - Adicionando: CAPES - BR_CAPES_COLSUCUP_PRODUCAO_2017A2020_2020_11_17_ARTISTICA_VISUAL
04/03/2025 11:51:42 - INFO - Adicionando: CAPES - BR_CAPES_COLSUCUP_PRODUCAO_2017A2018_2019_08_07_BIBLIOGRAFICA_PARTMU
04/03/2025 11:51:43 - INFO - Adicionando: CAPES - BR_COLSUCUP_PROD_DETALHE_TECNICA_2017A2018_2019_07_08_DMDI
04/03/2025 11:51:43 - INFO - Adicionando: CAPES - BR_COLSUCUP_PROD_DETALHE_BIBLIOGRAFICA_2017A2018_2019_07_05_PARTMU
04/03/2025 11:51:44 - INFO - Adicionando: CAPES - BR_CAPES_COLSUCUP_PRODUCAO_2017A2020_2021_11_25_ARTISTICA_CENICAS
04/03/2025 11:51:44 - INFO - Adicionando: CAPES - BR_CAPES_COLSUCUP_PROD_DETALHE_TECNICA_2021A2024_2023_10_31_DMDI
04/03/2025 11:51:44 - INFO - Adicionando: CAPES - BR_CAPES_COLSUCUP_PROD_DETALHE_BIBLIOGRAFICA_2021A2024_2023_10_31_PARTMU
04/03/2025 11:51:47 - INFO - Adicionando: CAPES - BR_CAPES_COLSUCUP_PROD_AUTOR_2017A2020_2022_05_31_BIBLIOGRAFICA_ANAIS_2018
04/03/2025 11:51:47 - INFO - Adicionando: CAPES - BR_CAPES_COLSUCUP_PROD_AUTOR_2017A2018_2019_07_04_TECNICA_DPRODU
04/03/2025 11:51:48 - INFO - Adicionando: CAPES - BR_CAPES_COLSUCUP_PRODUCAO_2017A2020_2022_06_22_TECNICA_PROGRTV
04/03/2025 11:51:48 - INFO - Adicionando: CAPES - BR_CAPES_COL_PROD_2004A2012_2018_08_01_BIBLIOGRAFICA_ARTPE
04/03/2025 11:51:48 - INFO - Adicionando: CAPES - BR_CAPES_COLSUCUP_PROD_AUTOR_2017A2018_2019_07_03_BIBLIOGRAFICA_ANAIS
04/03/2025 11:51:49 - INFO - Adicionando: CAPES - BR_CAPES_COLSUCUP_PRODUCAO_2017A2020_2020_11_17_TECNICA_APTRA
04/03/2025 11:51:49 - INFO - Adicionando: CAPES - BR_COLSUCUP_PROD_DETALHE_TECNICA_2017A2018_2019_07_08_CARTAMAP
04/03/2025 11:51:50 - INFO - Adicionando: CAPES - BR_CAPES_COLSUCUP_PRODUCAO_2017A2020_2020_11_17_TECNICA_DPRODU
04/03/2025 11:51:51 - INFO - Adicionando: CAPES - BR_COLSUCUP_PROD_DETALHE_TECNICA_2017A2020_2022_06_30_SERVTEC
04/03/2025 11:51:52 - INFO - Adicionando: CAPES - BR_CAPES_COLSUCUP_PROD_AUTOR_2017A2018_2019_07_04_BIBLIOGRAFICA_PARTMU
04/03/2025 11:51:52 - INFO - Adicionando: CAPES - BR_CAPES_COLSUCUP_PROD_AUTOR_2021A2024_2023_10_31_TECNICA_DMDI
04/03/2025 11:51:53 - INFO - Adicionando: CAPES - BR_COLSUCUP_PROD_DETALHE_TECNICA_2017A2020_2022_06_30_PROGRTV
04/03/2025 11:51:54 - INFO - Adicionando: CAPES - BR_CAPES_COL_PROD_2004A2012_2018_08_01_TECNICA_DESTEC
04/03/2025 11:51:54 - INFO - Adicionando: CAPES - BR_CAPES_COLSUCUP_PROD_AUTOR_2017A2018_2019_07_04_TECNICA_DESTEC
04/03/2025 11:51:55 - INFO - Adicionando: CAPES - BR_CAPES_COLSUCUP_PROD_AUTOR_2017A2020_2020_11_19_TECNICA_CARTAMAP
04/03/2025 11:51:55 - INFO - Adicionando: CAPES - BR_CAPES_COLSUCUP_PROD_AUTOR_2017A2020_2022_05_31_TECNICA_PROGRTV
04/03/2025 11:51:56 - INFO - Adicionando: CAPES - BR_CAPES_COL_PROD_2004A2012_2018_08_01_TECNICA_ANAIS
04/03/2025 11:51:56 - INFO - Adicionando: CAPES - BR_CAPES_COLSUCUP_PRODUCAO_2017A2020_2021_11_25_TECNICA_SERVTEC
04/03/2025 11:51:57 - INFO - Adicionando: CAPES - BR_CAPES_COLSUCUP_PRODUCAO_2021A2024_2023_10_31_TECNICA_OUTRO
04/03/2025 11:51:57 - INFO - Adicionando: CAPES - BR_CAPES_COLSUCUP_PROD_AUTOR_2017A2018_2019_07_03_ARTISTICA_OUTRA
04/03/2025 11:51:58 - INFO - Adicionando: CAPES - BR_CAPES_COLSUCUP_PRODUCAO_2017A2018_2019_08_07_TECNICA_CARTAMAP
04/03/2025 11:51:58 - INFO - Adicionando: CAPES - BR_CAPES_COL_PROD_2004A2012_2018_08_01_ARTISTICA_OUTRO
04/03/2025 12:11:03 - INFO - Adicionando: CAPES - BR_CAPES_COL_PROJ_MEMB_2004A2012_2018_08_01_2009
04/03/2025 12:11:04 - INFO - Adicionando: CAPES - BR_CAPES_COL_PROJ_2004A2012_2018_08_01_2009A2012
04/03/2025 12:11:04 - INFO - Adicionando: CAPES - BR_CAPES_COL_PROJ_MEMB_2004A2012_2018_08_01_2004
04/03/2025 12:11:05 - INFO - Adicionando: CAPES - BR_CAPES_COL_PROJ_MEMB_2004A2012_2018_08_01_2012
04/03/2025 12:11:05 - INFO - Adicionando: CAPES - BR_CAPES_COL_PROJ_MEMB_2004A2012_2018_08_01_2008
04/03/2025 12:11:06 - INFO - Adicionando: CAPES - BR_CAPES_COL_PROJ_MEMB_2004A2012_2018_08_01_2011
04/03/2025 12:11:07 - INFO - Adicionando: CAPES - BR_CAPES_COL_PROJ_MEMB_2004A2012_2018_08_01_2005
04/03/2025 12:11:07 - INFO - Adicionando: CAPES - BR_CAPES_COL_PROJ_2004A2012_2018_08_01_2004A2008
04/03/2025 12:11:08 - INFO - Adicionando: CAPES - BR_CAPES_COL_PROJ_MEMB_2004A2012_2018_08_01_2010
04/03/2025 12:11:08 - INFO - Adicionando: CAPES - BR_CAPES_COL_PROJ_MEMB_2004A2012_2018_08_01_2007
04/03/2025 12:11:09 - INFO - Adicionando: CAPES - BR_CAPES_COL_PROJ_MEMB_2004A2012_2018_08_01_2006
04/03/2025 12:23:31 - INFO - Adicionando: CAPES - BR_CAPES_COLSUCUP_PROG_2017_2018_08_01
04/03/2025 12:23:32 - INFO - Adicionando: CAPES - BR_CAPES_COLSUCUP_PROG_2022_2023_11_30
04/03/2025 12:23:32 - INFO - Adicionando: CAPES - BR_CAPES_COLSUCUP_PROG_2018_2021_11_10
04/03/2025 12:23:33 - INFO - Adicionando: CAPES - BR_CAPES_COLSUCUP_PROG_2021_2022_11_30
04/03/2025 12:23:33 - INFO - Adicionando: CAPES - BR_CAPES_COLSUCUP_PROG_2018_2019_10_01
04/03/2025 12:23:33 - INFO - Adicionando: CAPES - BR_CAPES_COLSUCUP_PROG_2013A2016_2017_12_02_2014
04/03/2025 12:23:34 - INFO - Adicionando: CAPES - BR_CAPES_COLSUCUP_PROG_2013A2016_2020_06_12_2013
04/03/2025 12:23:34 - INFO - Adicionando: CAPES - BR_CAPES_COLSUCUP_PROG_2019_2021_11_10
04/03/2025 12:23:35 - INFO - Adicionando: CAPES - BR_CAPES_COLSUCUP_PROG_2017_2021_11_10
04/03/2025 12:23:35 - INFO - Adicionando: CAPES - BR_CAPES_COLSUCUP_PROG_2013A2016_2017_12_02_2016
04/03/2025 12:23:36 - INFO - Adicionando: CAPES - BR_CAPES_COLSUCUP_PROG_2013A2016_2020_06_12_2016
04/03/2025 12:23:36 - INFO - Adicionando: CAPES - BR_CAPES_COLSUCUP_PROG_2013A2016_2020_06_12_2015
04/03/2025 12:23:37 - INFO - Adicionando: CAPES - BR_CAPES_COLSUCUP_PROG_2013A2016_2020_06_12_2014
04/03/2025 12:23:37 - INFO - Adicionando: CAPES - BR_CAPES_COLSUCUP_PROG_2019_2020_11_30
04/03/2025 12:23:37 - INFO - Adicionando: CAPES - BR_CAPES_COLSUCUP_PROG_2021_2023_11_30
04/03/2025 12:23:38 - INFO - Adicionando: CAPES - BR_CAPES_COLSUCUP_PROG_2013A2016_2017_12_02_2015
04/03/2025 12:23:39 - INFO - Adicionando: CAPES - BR_CAPES_COLSUCUP_PROG_2018_2020_06_12
04/03/2025 12:23:39 - INFO - Adicionando: CAPES - BR_CAPES_COLSUCUP_PROG_2017_2020_06_12
04/03/2025 12:23:40 - INFO - Adicionando: CAPES - BR_CAPES_COLSUCUP_PROG_2020_2021_11_10
04/03/2025 12:39:47 - INFO - Adicionando: CAPES - DDI_BR_CAPES_COLSUCUP_PROJETO_FINANCIADOR_2013A2016_2018_05_01_2015
04/03/2025 12:39:48 - INFO - Adicionando: CAPES - DDI_BR_CAPES_COLSUCUP_PROJETO_FINANCIADOR_2013A2016_2018_05_01_2014
04/03/2025 12:39:48 - INFO - Adicionando: CAPES - DDI_BR_CAPES_COLSUCUP_PROJETO_2013A2016_2018_05_01_2014
04/03/2025 12:39:49 - INFO - Adicionando: CAPES - BR_CAPES_COLSUCUP_PROJETO_FINANCIADOR_2018_2019_10_01
04/03/2025 12:39:49 - INFO - Adicionando: CAPES - DDI_BR_CAPES_COLSUCUP_PROJETO_FINANCIADOR_2013A2016_2018_05_01_2013
04/03/2025 12:39:50 - INFO - Adicionando: CAPES - DDI_BR_CAPES_COLSUCUP_PROJETO_2013A2016_2018_05_01_2015
04/03/2025 12:39:50 - INFO - Adicionando: CAPES - DDI_BR_CAPES_COLSUCUP_PROJETO_FINANCIADOR_2013A2016_2018_05_01_2016
04/03/2025 12:39:51 - INFO - Adicionando: CAPES - BR_CAPES_COLSUCUP_PROJETO_2020_2021_11_10
04/03/2025 12:39:51 - INFO - Adicionando: CAPES - BR_CAPES_COLSUCUP_PROJETO_2017_2021_11_10
04/03/2025 12:39:52 - INFO - Adicionando: CAPES - BR_CAPES_COLSUCUP_PROJETO_2019_2021_11_10
04/03/2025 12:39:52 - INFO - Adicionando: CAPES - DDI_BR_CAPES_COLSUCUP_PROJETO_2013A2016_2018_05_01_2016
04/03/2025 12:39:52 - INFO - Adicionando: CAPES - BR_CAPES_COLSUCUP_PROJETO_2018_2019_10_01
04/03/2025 12:39:53 - INFO - Adicionando: CAPES - BR_CAPES_COLSUCUP_PROJETO_FINANCIADOR_2017_2018_08_01
04/03/2025 12:39:53 - INFO - Adicionando: CAPES - BR_CAPES_COLSUCUP_PROJETO_2017_2018_08_01
04/03/2025 12:39:54 - INFO - Adicionando: CAPES - BR_CAPES_COLSUCUP_PROJETO_2018_2021_11_10
04/03/2025 12:39:54 - INFO - Adicionando: CAPES - DDI_BR_CAPES_COLSUCUP_PROJETO_2013A2016_2018_05_01_2013
04/03/2025 12:49:03 - INFO - Adicionando: CAPES - BR_CAPES_CONCESSAO_BOLSAS_IES_2022_2023_03_01
04/03/2025 12:49:04 - INFO - Adicionando: CAPES - DADOS_CONCESSAO_DPB_2021
04/03/2025 12:49:04 - INFO - Adicionando: CAPES - DADOS_CONCESSAO_DPB_2011
04/03/2025 12:49:04 - INFO - Adicionando: CAPES - DADOS_CONCESSAO_DPB_2012
04/03/2025 12:49:05 - INFO - Adicionando: CAPES - BR_CAPES_CONCESSAO_BOLSAS_IES_2011_2021_06_01
04/03/2025 12:49:05 - INFO - Adicionando: CAPES - DADOS_CONCESSAO_DPB_2018
04/03/2025 12:49:05 - INFO - Adicionando: CAPES - DADOS_CONCESSAO_DPB_2017
04/03/2025 12:49:06 - INFO - Adicionando: CAPES - BR_CAPES_CONCESSAO_BOLSAS_IES_2010_2021_06_01
04/03/2025 12:49:06 - INFO - Adicionando: CAPES - BR_CAPES_CONCESSAO_BOLSAS_IES_2017_2021_06_01
04/03/2025 12:49:06 - INFO - Adicionando: CAPES - DADOS_CONCESSAO_DPB_2013
04/03/2025 12:49:07 - INFO - Adicionando: CAPES - BR_CAPES_CONCESSAO_BOLSAS_IES_2015_2021_06_01
04/03/2025 12:49:07 - INFO - Adicionando: CAPES - BR_CAPES_CONCESSAO_BOLSAS_IES_2016_2021_06_01
04/03/2025 12:49:07 - INFO - Adicionando: CAPES - BR_CAPES_CONCESSAO_BOLSAS_IES_2012_2021_06_01
04/03/2025 12:49:08 - INFO - Adicionando: CAPES - BR_CAPES_CONCESSAO_BOLSAS_IES_2014_2021_06_01
04/03/2025 12:49:08 - INFO - Adicionando: CAPES - BR_CAPES_CONCESSAO_BOLSAS_IES_2020_2021_06_01
04/03/2025 12:49:09 - INFO - Adicionando: CAPES - DADOS_CONCESSAO_DPB_2020
04/03/2025 12:49:09 - INFO - Adicionando: CAPES - DADOS_CONCESSAO_DPB_2015
04/03/2025 12:49:10 - INFO - Adicionando: CAPES - DADOS_CONCESSAO_DPB_2010
04/03/2025 12:49:10 - INFO - Adicionando: CAPES - BR_CAPES_CONCESSAO_BOLSAS_IES_2018_2021_06_01
04/03/2025 12:49:11 - INFO - Adicionando: CAPES - BR_CAPES_CONCESSAO_BOLSAS_IES_2019_2021_06_01
04/03/2025 12:49:11 - INFO - Adicionando: CAPES - DADOS_CONCESSAO_DPB_2014
04/03/2025 12:49:11 - INFO - Adicionando: CAPES - DADOS_CONCESSAO_DPB_2016
04/03/2025 12:49:12 - INFO - Adicionando: CAPES - DADOS_CONCESSAO_DPB_2019
04/03/2025 12:49:12 - INFO - Adicionando: CAPES - BR_CAPES_CONCESSAO_BOLSAS_IES_2013_2021_06_01
04/03/2025 12:55:00 - INFO - Adicionando: CAPES - DDOS_RLACIONADOS_A_CONTRATOS_RALIZADOS_PLA_CAPS_D_2013_A_2016
04/03/2025 12:55:01 - INFO - Adicionando: CAPES - BR_CAPES_CONTRATOS_2021A2022_2023_10_01
04/03/2025 12:55:02 - INFO - Adicionando: CAPES - BR_CAPES_CONTRATOS_2013A2016_2018_03_02
04/03/2025 12:55:02 - INFO - Adicionando: CAPES - DDOS_RLACIONADOS_A_CONTRATOS_RALIZADOS_PLA_CAPS_D_2013_A_2016_DDOS_RLACIONADOS_A_CONTRATOS_RALIZADOS
04/03/2025 12:55:03 - INFO - Adicionando: CAPES - BR_CAPES_CONTRATOS_2017A2020_2021_05_17
04/03/2025 12:55:03 - INFO - Adicionando: CAPES - DADOS_RELACIONADOS_A_CONTRATOS_REALIZADOS_PELA_CAPES_DE_2013_A_2016
04/03/2025 13:01:18 - INFO - Adicionando: CAPES - BR_CAPES_CUSTEIO_CAPITAL_PROGRAMAS_FOMENTO_DPB_2012A2016_2022_12_01
04/03/2025 13:01:18 - INFO - Adicionando: CAPES - BR_CAPES_CUSTEIO_CAPITAL_PROGRAMAS_FOMENTO_DPB_2022_2023_03_01
04/03/2025 13:01:19 - INFO - Adicionando: CAPES - BR_CAPES_CUSTEIO_CAPITAL_PROGRAMAS_FOMENTO_DPB_2017A2021_2022_12_01
04/03/2025 13:01:19 - INFO - Adicionando: CAPES - BR_CAPES_CUSTEIO_CAPITAL_PROGRAMAS_FOMENTO_DPB_2022_2023_08_01
04/03/2025 13:01:19 - INFO - Adicionando: CAPES - BR_CAPES_CUSTEIO_CAPITAL_PROGRAMAS_FOMENTO_DPB_2012A2016_2023_08_01
04/03/2025 13:01:20 - INFO - Adicionando: CAPES - BR_CAPES_CUSTEIO_CAPITAL_PROGRAMAS_FOMENTO_DPB_2017A2021_2023_08_01
05/03/2025 08:11:12 - INFO - Adicionando: CAPES - BR_CAPES_DADOS_SERVIDORES_2013_2019_09_01
05/03/2025 08:11:12 - INFO - Adicionando: CAPES - BR_CAPES_DADOS_SERVIDORES_2016_2019_09_01
05/03/2025 08:11:13 - INFO - Adicionando: CAPES - BR_CAPES_DADOS_SERVIDORES_2015_2019_09_01
05/03/2025 08:11:13 - INFO - Adicionando: CAPES - BR_CAPES_DADOS_SERVIDORES_2014_2019_09_01
05/03/2025 10:44:47 - INFO - Adicionando: CAPES - BR_CAPES_DIVULG_ESTRATEGICOS_2022_2023_04_01
05/03/2025 10:44:48 - INFO - Adicionando: CAPES - BR_CAPES_DIVULG_ESTRATEGICOS_2017A2021_2022_12_01
05/03/2025 10:44:48 - INFO - Adicionando: CAPES - BR_CAPES_DIVULG_ESTRATEGICOS_2010A2016_2022_12_01
05/03/2025 10:49:49 - INFO - Adicionando: CAPES - BR_CAPES_DIVULG_INSTITUCIONAIS_2017A2021_2022_12_01
05/03/2025 10:49:49 - INFO - Adicionando: CAPES - BR_CAPES_DIVULG_INSTITUCIONAIS_2022_2023_04_01
05/03/2025 10:49:50 - INFO - Adicionando: CAPES - BR_CAPES_DIVULG_INSTITUCIONAIS_2010A2016_2022_12_01
05/03/2025 10:54:29 - INFO - Adicionando: CAPES - BR_CAPES_DIVULG_QUALIFICACAO_DOCENTES_2017A2021_2022_12_01
05/03/2025 10:54:29 - INFO - Adicionando: CAPES - BR_CAPES_DIVULG_QUALIFICACAO_DOCENTES_2022_2023_04_01
05/03/2025 10:54:30 - INFO - Adicionando: CAPES - BR_CAPES_DIVULG_QUALIFICACAO_DOCENTES_2010A2016_2022_12_01
05/03/2025 12:13:19 - INFO - Adicionando: CAPES - BR_CAPES_DOTACAO_EXECUCAO_ORCAMENTARIA_2019_2021_07_23
05/03/2025 12:13:19 - INFO - Adicionando: CAPES - BR_CAPES_DOTACAO_EXECUCAO_2015_2023_08_01
05/03/2025 12:13:20 - INFO - Adicionando: CAPES - BR_CAPES_DOTACAO_EXECUCAO_2019_2023_08_01
05/03/2025 12:13:20 - INFO - Adicionando: CAPES - BR_CAPES_DOTACAO_EXECUCAO_ORCAMENTARIA_2016_2019_09_01
05/03/2025 12:13:21 - INFO - Adicionando: CAPES - BR_CAPES_DOTACAO_EXECUCAO_ORCAMENTARIA_2018_2021_07_23
05/03/2025 12:13:21 - INFO - Adicionando: CAPES - BR_CAPES_DOTACAO_EXECUCAO_2013_2023_08_01
05/03/2025 12:13:22 - INFO - Adicionando: CAPES - BR_CAPES_DOTACAO_EXECUCAO_ORCAMENTARIA_2013_2019_09_01
05/03/2025 12:13:22 - INFO - Adicionando: CAPES - BR_CAPES_DOTACAO_EXECUCAO_ORCAMENTARIA_2015_2019_09_01
05/03/2025 12:13:23 - INFO - Adicionando: CAPES - BR_CAPES_DOTACAO_EXECUCAO_2017_2023_08_01
05/03/2025 12:13:23 - INFO - Adicionando: CAPES - BR_CAPES_DOTACAO_EXECUCAO_2014_2023_08_01
05/03/2025 12:13:24 - INFO - Adicionando: CAPES - BR_CAPES_DOTACAO_EXECUCAO_2018_2023_08_01
05/03/2025 12:13:24 - INFO - Adicionando: CAPES - BR_CAPES_DOTACAO_EXECUCAO_ORCAMENTARIA_2020_2021_07_23
05/03/2025 12:13:25 - INFO - Adicionando: CAPES - BR_CAPES_DOTACAO_EXECUCAO_ORCAMENTARIA_2014_2019_09_01
05/03/2025 12:13:25 - INFO - Adicionando: CAPES - BR_CAPES_DOTACAO_EXECUCAO_2016_2023_08_01
05/03/2025 12:13:26 - INFO - Adicionando: CAPES - BR_CAPES_DOTACAO_EXECUCAO_2020_2023_08_01
05/03/2025 12:13:26 - INFO - Adicionando: CAPES - BR_CAPES_DOTACAO_EXECUCAO_ORCAMENTARIA_2017_2021_07_23
05/03/2025 12:57:21 - INFO - Adicionando: CAPES - DADOS_2004
05/03/2025 12:57:22 - INFO - Adicionando: CAPES - DADOS_1988
05/03/2025 12:57:22 - INFO - Adicionando: CAPES - DADOS_1998
05/03/2025 12:57:24 - INFO - Adicionando: CAPES - DADOS_1996
05/03/2025 12:57:25 - INFO - Adicionando: CAPES - DADOS_1987
05/03/2025 12:57:26 - INFO - Adicionando: CAPES - DADOS_1991
05/03/2025 12:57:26 - INFO - Adicionando: CAPES - DADOS_2007
05/03/2025 12:57:27 - INFO - Adicionando: CAPES - DADOS_1993
05/03/2025 12:57:27 - INFO - Adicionando: CAPES - DADOS_1994
05/03/2025 12:57:28 - INFO - Adicionando: CAPES - DADOS_1999
05/03/2025 12:57:29 - INFO - Adicionando: CAPES - DADOS_2000
05/03/2025 12:57:30 - INFO - Adicionando: CAPES - DADOS_2006
05/03/2025 12:57:31 - INFO - Adicionando: CAPES - DADOS_2002
05/03/2025 12:57:32 - INFO - Adicionando: CAPES - DADOS_1997
05/03/2025 12:57:33 - INFO - Adicionando: CAPES - DADOS_2009
05/03/2025 12:57:33 - INFO - Adicionando: CAPES - DADOS_1992
05/03/2025 12:57:34 - INFO - Adicionando: CAPES - DADOS_2001
05/03/2025 12:57:35 - INFO - Adicionando: CAPES - DADOS_1995
05/03/2025 12:57:36 - INFO - Adicionando: CAPES - DADOS_2011
05/03/2025 12:57:37 - INFO - Adicionando: CAPES - DADOS_2003
05/03/2025 12:57:38 - INFO - Adicionando: CAPES - DADOS_1989
05/03/2025 12:57:39 - INFO - Adicionando: CAPES - DADOS_2008
05/03/2025 12:57:40 - INFO - Adicionando: CAPES - DADOS_2005
05/03/2025 12:57:42 - INFO - Adicionando: CAPES - DADOS_2012
05/03/2025 12:57:42 - INFO - Adicionando: CAPES - DADOS_1990
05/03/2025 12:57:44 - INFO - Adicionando: CAPES - DADOS_2010
05/03/2025 13:12:07 - INFO - Adicionando: CAPES - DDI_BR_CAPES_PAGAMENTO_BOLSAS012011A062016_2016_08_02
05/03/2025 13:19:57 - INFO - Adicionando: CAPES - DOTACAO_XCUCAO_ORCAMNTARIA_2013_A_2016_BR_CAPS_DOTACAO_XCUCAO_2016_2019_09_01
05/03/2025 13:19:58 - INFO - Adicionando: CAPES - DOTACAO_XCUCAO_ORCAMNTARIA_2013_A_2016_BR_CAPS_DOTACAO_XCUCAO_2013_2019_09_01
05/03/2025 13:19:58 - INFO - Adicionando: CAPES - DOTACAO_XCUCAO_ORCAMNTARIA_2013_A_2016_BR_CAPS_DOTACAO_XCUCAO_2014_2019_09_01
05/03/2025 13:19:58 - INFO - Adicionando: CAPES - DOTACAO_XCUCAO_ORCAMNTARIA_2013_A_2016_BR_CAPS_DOTACAO_XCUCAO_2015_2019_09_01
05/03/2025 13:19:59 - INFO - Adicionando: CAPES - DOTACAO_E_EXECUCAO_ORCAMENTARIA_2013_A_2016
05/03/2025 13:19:59 - INFO - Adicionando: CAPES - DOTACAO_XCUCAO_ORCAMNTARIA_2013_A_2016
05/03/2025 13:26:59 - INFO - Adicionando: CAPES - PAGAMENTOS_DE_BOLSAS_E_AUXILIOS_DE_01_2011_A_05_2016
05/03/2025 14:57:04 - INFO - Adicionando: DATASUS - PROJECAO_POPULACAO_POR_SEXO_E_IDADE_2048
05/03/2025 14:57:05 - INFO - Adicionando: DATASUS - PROJECAO_POPULACAO_POR_SEXO_E_IDADE_2052
05/03/2025 14:57:05 - INFO - Adicionando: DATASUS - PROJECAO_POPULACAO_POR_SEXO_E_IDADE_2035
05/03/2025 14:57:05 - INFO - Adicionando: DATASUS - PROJECAO_POPULACAO_POR_SEXO_E_IDADE_2050
05/03/2025 14:57:05 - INFO - Adicionando: DATASUS - PROJECAO_POPULACAO_POR_SEXO_E_IDADE_2038
05/03/2025 14:57:06 - INFO - Adicionando: DATASUS - PROJECAO_POPULACAO_POR_SEXO_E_IDADE_2037
05/03/2025 14:57:06 - INFO - Adicionando: DATASUS - PROJECAO_POPULACAO_POR_SEXO_E_IDADE_2042
05/03/2025 14:57:06 - INFO - Adicionando: DATASUS - PROJECAO_POPULACAO_POR_SEXO_E_IDADE_2024
05/03/2025 14:57:07 - INFO - Adicionando: DATASUS - PROJECAO_POPULACAO_POR_SEXO_E_IDADE_2056
05/03/2025 14:57:07 - INFO - Adicionando: DATASUS - PROJECAO_POPULACAO_POR_SEXO_E_IDADE_2025
05/03/2025 14:57:07 - INFO - Adicionando: DATASUS - PROJECAO_POPULACAO_POR_SEXO_E_IDADE_2040
05/03/2025 14:57:07 - INFO - Adicionando: DATASUS - PROJECAO_POPULACAO_POR_SEXO_E_IDADE_2054
05/03/2025 14:57:08 - INFO - Adicionando: DATASUS - PROJECAO_POPULACAO_POR_SEXO_E_IDADE_2046
05/03/2025 14:57:08 - INFO - Adicionando: DATASUS - PROJECAO_POPULACAO_POR_SEXO_E_IDADE_2059
05/03/2025 14:57:08 - INFO - Adicionando: DATASUS - PROJECAO_POPULACAO_POR_SEXO_E_IDADE_2034
05/03/2025 14:57:09 - INFO - Adicionando: DATASUS - PROJECAO_POPULACAO_POR_SEXO_E_IDADE_2033
05/03/2025 14:57:09 - INFO - Adicionando: DATASUS - PROJECAO_POPULACAO_POR_SEXO_E_IDADE_2032
05/03/2025 14:57:09 - INFO - Adicionando: DATASUS - PROJECAO_POPULACAO_POR_SEXO_E_IDADE_2044
05/03/2025 14:57:10 - INFO - Adicionando: DATASUS - PROJECAO_POPULACAO_POR_SEXO_E_IDADE_2047
05/03/2025 14:57:10 - INFO - Adicionando: DATASUS - PROJECAO_POPULACAO_POR_SEXO_E_IDADE_2053
05/03/2025 14:57:11 - INFO - Adicionando: DATASUS - PROJECAO_POPULACAO_POR_SEXO_E_IDADE_2030
05/03/2025 14:57:11 - INFO - Adicionando: DATASUS - PROJECAO_POPULACAO_POR_SEXO_E_IDADE_2051
05/03/2025 14:57:11 - INFO - Adicionando: DATASUS - PROJECAO_POPULACAO_POR_SEXO_E_IDADE_2026
05/03/2025 14:57:12 - INFO - Adicionando: DATASUS - PROJECAO_POPULACAO_POR_SEXO_E_IDADE_2043
05/03/2025 14:57:12 - INFO - Adicionando: DATASUS - PROJECAO_POPULACAO_POR_SEXO_E_IDADE_2036
05/03/2025 14:57:12 - INFO - Adicionando: DATASUS - PROJECAO_POPULACAO_POR_SEXO_E_IDADE_2028
05/03/2025 14:57:12 - INFO - Adicionando: DATASUS - PROJECAO_POPULACAO_POR_SEXO_E_IDADE_2057
05/03/2025 14:57:13 - INFO - Adicionando: DATASUS - PROJECAO_POPULACAO_POR_SEXO_E_IDADE_2041
05/03/2025 14:57:13 - INFO - Adicionando: DATASUS - PROJECAO_POPULACAO_POR_SEXO_E_IDADE_2058
05/03/2025 14:57:14 - INFO - Adicionando: DATASUS - PROJECAO_POPULACAO_POR_SEXO_E_IDADE_2027
05/03/2025 14:57:14 - INFO - Adicionando: DATASUS - PROJECAO_POPULACAO_POR_SEXO_E_IDADE_2029
05/03/2025 14:57:14 - INFO - Adicionando: DATASUS - PROJECAO_POPULACAO_POR_SEXO_E_IDADE_2045
05/03/2025 14:57:15 - INFO - Adicionando: DATASUS - PROJECAO_POPULACAO_POR_SEXO_E_IDADE_2031
05/03/2025 14:57:15 - INFO - Adicionando: DATASUS - PROJECAO_POPULACAO_POR_SEXO_E_IDADE_2049
05/03/2025 14:57:15 - INFO - Adicionando: DATASUS - PROJECAO_POPULACAO_POR_SEXO_E_IDADE_2055
05/03/2025 14:57:16 - INFO - Adicionando: DATASUS - PROJECAO_POPULACAO_POR_SEXO_E_IDADE_2060
05/03/2025 14:57:16 - INFO - Adicionando: DATASUS - PROJECAO_POPULACAO_POR_SEXO_E_IDADE_2039
05/03/2025 15:08:29 - INFO - Adicionando: DATASUS - ESTIMATIVAS_POPULACIONAIS
